{"D:\\FERI MAG\\RIRS\\WiiFit-fitnesapp\\frontend\\src\\components\\ui\\button.tsx": {"path":"D:\\FERI MAG\\RIRS\\WiiFit-fitnesapp\\frontend\\src\\components\\ui\\button.tsx","statementMap":{"0":{"start":{"line":6,"column":6},"end":{"line":29,"column":null}},"1":{"start":{"line":37,"column":15},"end":{"line":48,"column":null}},"2":{"start":{"line":39,"column":17},"end":{"line":39,"column":null}},"3":{"start":{"line":40,"column":4},"end":{"line":45,"column":null}},"4":{"start":{"line":49,"column":0},"end":{"line":49,"column":null}}},"fnMap":{"0":{"name":"(anonymous_0)","decl":{"start":{"line":38,"column":2},"end":{"line":38,"column":3}},"loc":{"start":{"line":38,"column":68},"end":{"line":47,"column":null}},"line":38}},"branchMap":{"0":{"loc":{"start":{"line":38,"column":31},"end":{"line":38,"column":48}},"type":"default-arg","locations":[{"start":{"line":38,"column":41},"end":{"line":38,"column":48}}],"line":38},"1":{"loc":{"start":{"line":39,"column":17},"end":{"line":39,"column":null}},"type":"cond-expr","locations":[{"start":{"line":39,"column":27},"end":{"line":39,"column":34}},{"start":{"line":39,"column":34},"end":{"line":39,"column":null}}],"line":39}},"s":{"0":1,"1":1,"2":6,"3":6,"4":1},"f":{"0":6},"b":{"0":[6],"1":[0,6]},"meta":{"lastBranch":2,"lastFunction":1,"lastStatement":5,"seen":{"s:6:6:29:Infinity":0,"s:37:15:48:Infinity":1,"f:38:2:38:3":0,"b:38:41:38:48":0,"s:39:17:39:Infinity":2,"b:39:27:39:34:39:34:39:Infinity":1,"s:40:4:45:Infinity":3,"s:49:0:49:Infinity":4}}}
,"D:\\FERI MAG\\RIRS\\WiiFit-fitnesapp\\frontend\\src\\lib\\api.ts": {"path":"D:\\FERI MAG\\RIRS\\WiiFit-fitnesapp\\frontend\\src\\lib\\api.ts","statementMap":{"0":{"start":{"line":37,"column":55},"end":{"line":37,"column":null}},"1":{"start":{"line":41,"column":2},"end":{"line":41,"column":null}},"2":{"start":{"line":45,"column":2},"end":{"line":45,"column":null}},"3":{"start":{"line":48,"column":20},"end":{"line":59,"column":null}},"4":{"start":{"line":50,"column":4},"end":{"line":50,"column":null}},"5":{"start":{"line":53,"column":4},"end":{"line":53,"column":null}},"6":{"start":{"line":56,"column":14},"end":{"line":56,"column":null}},"7":{"start":{"line":57,"column":4},"end":{"line":57,"column":null}},"8":{"start":{"line":62,"column":15},"end":{"line":62,"column":null}},"9":{"start":{"line":63,"column":15},"end":{"line":63,"column":null}},"10":{"start":{"line":64,"column":2},"end":{"line":66,"column":null}},"11":{"start":{"line":65,"column":4},"end":{"line":65,"column":null}},"12":{"start":{"line":67,"column":2},"end":{"line":67,"column":null}},"13":{"start":{"line":70,"column":19},"end":{"line":248,"column":null}},"14":{"start":{"line":72,"column":16},"end":{"line":76,"column":null}},"15":{"start":{"line":77,"column":17},"end":{"line":77,"column":null}},"16":{"start":{"line":78,"column":4},"end":{"line":78,"column":null}},"17":{"start":{"line":78,"column":20},"end":{"line":78,"column":null}},"18":{"start":{"line":79,"column":4},"end":{"line":79,"column":null}},"19":{"start":{"line":82,"column":16},"end":{"line":86,"column":null}},"20":{"start":{"line":87,"column":17},"end":{"line":87,"column":null}},"21":{"start":{"line":88,"column":4},"end":{"line":88,"column":null}},"22":{"start":{"line":88,"column":20},"end":{"line":88,"column":null}},"23":{"start":{"line":89,"column":4},"end":{"line":89,"column":null}},"24":{"start":{"line":92,"column":44},"end":{"line":92,"column":null}},"25":{"start":{"line":93,"column":16},"end":{"line":93,"column":null}},"26":{"start":{"line":94,"column":4},"end":{"line":94,"column":null}},"27":{"start":{"line":97,"column":44},"end":{"line":97,"column":null}},"28":{"start":{"line":98,"column":16},"end":{"line":101,"column":null}},"29":{"start":{"line":102,"column":4},"end":{"line":102,"column":null}},"30":{"start":{"line":103,"column":4},"end":{"line":103,"column":null}},"31":{"start":{"line":106,"column":16},"end":{"line":106,"column":null}},"32":{"start":{"line":107,"column":4},"end":{"line":107,"column":null}},"33":{"start":{"line":110,"column":16},"end":{"line":110,"column":null}},"34":{"start":{"line":111,"column":4},"end":{"line":111,"column":null}},"35":{"start":{"line":114,"column":44},"end":{"line":114,"column":null}},"36":{"start":{"line":115,"column":16},"end":{"line":119,"column":null}},"37":{"start":{"line":120,"column":4},"end":{"line":120,"column":null}},"38":{"start":{"line":123,"column":44},"end":{"line":123,"column":null}},"39":{"start":{"line":124,"column":16},"end":{"line":128,"column":null}},"40":{"start":{"line":129,"column":4},"end":{"line":129,"column":null}},"41":{"start":{"line":132,"column":15},"end":{"line":132,"column":null}},"42":{"start":{"line":133,"column":4},"end":{"line":133,"column":null}},"43":{"start":{"line":133,"column":22},"end":{"line":133,"column":null}},"44":{"start":{"line":134,"column":4},"end":{"line":134,"column":null}},"45":{"start":{"line":134,"column":20},"end":{"line":134,"column":null}},"46":{"start":{"line":135,"column":16},"end":{"line":135,"column":null}},"47":{"start":{"line":136,"column":44},"end":{"line":136,"column":null}},"48":{"start":{"line":137,"column":16},"end":{"line":137,"column":null}},"49":{"start":{"line":138,"column":4},"end":{"line":138,"column":null}},"50":{"start":{"line":141,"column":44},"end":{"line":141,"column":null}},"51":{"start":{"line":142,"column":16},"end":{"line":142,"column":null}},"52":{"start":{"line":143,"column":4},"end":{"line":143,"column":null}},"53":{"start":{"line":146,"column":44},"end":{"line":146,"column":null}},"54":{"start":{"line":147,"column":16},"end":{"line":151,"column":null}},"55":{"start":{"line":152,"column":4},"end":{"line":152,"column":null}},"56":{"start":{"line":155,"column":44},"end":{"line":155,"column":null}},"57":{"start":{"line":156,"column":16},"end":{"line":156,"column":null}},"58":{"start":{"line":157,"column":4},"end":{"line":157,"column":null}},"59":{"start":{"line":160,"column":44},"end":{"line":160,"column":null}},"60":{"start":{"line":161,"column":16},"end":{"line":161,"column":null}},"61":{"start":{"line":162,"column":4},"end":{"line":162,"column":null}},"62":{"start":{"line":165,"column":15},"end":{"line":165,"column":null}},"63":{"start":{"line":166,"column":4},"end":{"line":166,"column":null}},"64":{"start":{"line":166,"column":22},"end":{"line":166,"column":null}},"65":{"start":{"line":167,"column":4},"end":{"line":167,"column":null}},"66":{"start":{"line":167,"column":20},"end":{"line":167,"column":null}},"67":{"start":{"line":168,"column":16},"end":{"line":168,"column":null}},"68":{"start":{"line":169,"column":44},"end":{"line":169,"column":null}},"69":{"start":{"line":170,"column":16},"end":{"line":170,"column":null}},"70":{"start":{"line":171,"column":4},"end":{"line":171,"column":null}},"71":{"start":{"line":174,"column":44},"end":{"line":174,"column":null}},"72":{"start":{"line":175,"column":16},"end":{"line":175,"column":null}},"73":{"start":{"line":176,"column":4},"end":{"line":176,"column":null}},"74":{"start":{"line":179,"column":44},"end":{"line":179,"column":null}},"75":{"start":{"line":180,"column":16},"end":{"line":180,"column":null}},"76":{"start":{"line":181,"column":4},"end":{"line":181,"column":null}},"77":{"start":{"line":184,"column":44},"end":{"line":184,"column":null}},"78":{"start":{"line":185,"column":16},"end":{"line":185,"column":null}},"79":{"start":{"line":186,"column":4},"end":{"line":213,"column":null}},"80":{"start":{"line":218,"column":44},"end":{"line":218,"column":null}},"81":{"start":{"line":219,"column":16},"end":{"line":219,"column":null}},"82":{"start":{"line":220,"column":4},"end":{"line":220,"column":null}},"83":{"start":{"line":223,"column":44},"end":{"line":223,"column":null}},"84":{"start":{"line":224,"column":16},"end":{"line":228,"column":null}},"85":{"start":{"line":229,"column":4},"end":{"line":229,"column":null}},"86":{"start":{"line":232,"column":44},"end":{"line":232,"column":null}},"87":{"start":{"line":233,"column":16},"end":{"line":237,"column":null}},"88":{"start":{"line":238,"column":4},"end":{"line":238,"column":null}},"89":{"start":{"line":241,"column":44},"end":{"line":241,"column":null}},"90":{"start":{"line":242,"column":16},"end":{"line":245,"column":null}},"91":{"start":{"line":246,"column":4},"end":{"line":246,"column":null}}},"fnMap":{"0":{"name":"getBase","decl":{"start":{"line":39,"column":9},"end":{"line":39,"column":17}},"loc":{"start":{"line":39,"column":31},"end":{"line":42,"column":null}},"line":39},"1":{"name":"saveToken","decl":{"start":{"line":44,"column":9},"end":{"line":44,"column":19}},"loc":{"start":{"line":44,"column":34},"end":{"line":46,"column":null}},"line":44},"2":{"name":"(anonymous_2)","decl":{"start":{"line":49,"column":6},"end":{"line":49,"column":14}},"loc":{"start":{"line":49,"column":14},"end":{"line":51,"column":null}},"line":49},"3":{"name":"(anonymous_3)","decl":{"start":{"line":52,"column":2},"end":{"line":52,"column":10}},"loc":{"start":{"line":52,"column":10},"end":{"line":54,"column":null}},"line":52},"4":{"name":"(anonymous_4)","decl":{"start":{"line":55,"column":2},"end":{"line":55,"column":35}},"loc":{"start":{"line":55,"column":35},"end":{"line":58,"column":null}},"line":55},"5":{"name":"handle","decl":{"start":{"line":61,"column":15},"end":{"line":61,"column":25}},"loc":{"start":{"line":61,"column":52},"end":{"line":68,"column":null}},"line":61},"6":{"name":"(anonymous_6)","decl":{"start":{"line":71,"column":8},"end":{"line":71,"column":14}},"loc":{"start":{"line":71,"column":31},"end":{"line":80,"column":null}},"line":71},"7":{"name":"(anonymous_7)","decl":{"start":{"line":81,"column":8},"end":{"line":81,"column":17}},"loc":{"start":{"line":81,"column":37},"end":{"line":90,"column":null}},"line":81},"8":{"name":"(anonymous_8)","decl":{"start":{"line":91,"column":8},"end":{"line":91,"column":13}},"loc":{"start":{"line":91,"column":13},"end":{"line":95,"column":null}},"line":91},"9":{"name":"(anonymous_9)","decl":{"start":{"line":96,"column":8},"end":{"line":96,"column":17}},"loc":{"start":{"line":96,"column":17},"end":{"line":104,"column":null}},"line":96},"10":{"name":"(anonymous_10)","decl":{"start":{"line":105,"column":8},"end":{"line":105,"column":19}},"loc":{"start":{"line":105,"column":19},"end":{"line":108,"column":null}},"line":105},"11":{"name":"(anonymous_11)","decl":{"start":{"line":109,"column":8},"end":{"line":109,"column":21}},"loc":{"start":{"line":109,"column":21},"end":{"line":112,"column":null}},"line":109},"12":{"name":"(anonymous_12)","decl":{"start":{"line":113,"column":8},"end":{"line":113,"column":22}},"loc":{"start":{"line":113,"column":68},"end":{"line":121,"column":null}},"line":113},"13":{"name":"(anonymous_13)","decl":{"start":{"line":122,"column":8},"end":{"line":122,"column":30}},"loc":{"start":{"line":122,"column":76},"end":{"line":130,"column":null}},"line":122},"14":{"name":"(anonymous_14)","decl":{"start":{"line":131,"column":8},"end":{"line":131,"column":20}},"loc":{"start":{"line":131,"column":61},"end":{"line":139,"column":null}},"line":131},"15":{"name":"(anonymous_15)","decl":{"start":{"line":140,"column":8},"end":{"line":140,"column":31}},"loc":{"start":{"line":140,"column":31},"end":{"line":144,"column":null}},"line":140},"16":{"name":"(anonymous_16)","decl":{"start":{"line":145,"column":8},"end":{"line":145,"column":27}},"loc":{"start":{"line":145,"column":76},"end":{"line":153,"column":null}},"line":145},"17":{"name":"(anonymous_17)","decl":{"start":{"line":154,"column":8},"end":{"line":154,"column":20}},"loc":{"start":{"line":154,"column":39},"end":{"line":158,"column":null}},"line":154},"18":{"name":"(anonymous_18)","decl":{"start":{"line":159,"column":8},"end":{"line":159,"column":22}},"loc":{"start":{"line":159,"column":41},"end":{"line":163,"column":null}},"line":159},"19":{"name":"(anonymous_19)","decl":{"start":{"line":164,"column":8},"end":{"line":164,"column":31}},"loc":{"start":{"line":164,"column":72},"end":{"line":172,"column":null}},"line":164},"20":{"name":"(anonymous_20)","decl":{"start":{"line":173,"column":8},"end":{"line":173,"column":24}},"loc":{"start":{"line":173,"column":36},"end":{"line":177,"column":null}},"line":173},"21":{"name":"(anonymous_21)","decl":{"start":{"line":178,"column":8},"end":{"line":178,"column":26}},"loc":{"start":{"line":178,"column":38},"end":{"line":182,"column":null}},"line":178},"22":{"name":"(anonymous_22)","decl":{"start":{"line":183,"column":8},"end":{"line":183,"column":22}},"loc":{"start":{"line":183,"column":22},"end":{"line":214,"column":null}},"line":183},"23":{"name":"(anonymous_23)","decl":{"start":{"line":217,"column":8},"end":{"line":217,"column":26}},"loc":{"start":{"line":217,"column":26},"end":{"line":221,"column":null}},"line":217},"24":{"name":"(anonymous_24)","decl":{"start":{"line":222,"column":8},"end":{"line":222,"column":20}},"loc":{"start":{"line":222,"column":61},"end":{"line":230,"column":null}},"line":222},"25":{"name":"(anonymous_25)","decl":{"start":{"line":231,"column":8},"end":{"line":231,"column":20}},"loc":{"start":{"line":231,"column":73},"end":{"line":239,"column":null}},"line":231},"26":{"name":"(anonymous_26)","decl":{"start":{"line":240,"column":8},"end":{"line":240,"column":20}},"loc":{"start":{"line":240,"column":32},"end":{"line":247,"column":null}},"line":240}},"branchMap":{"0":{"loc":{"start":{"line":37,"column":55},"end":{"line":37,"column":null}},"type":"binary-expr","locations":[{"start":{"line":37,"column":55},"end":{"line":37,"column":null}},{"start":{"line":37,"column":55},"end":{"line":37,"column":null}}],"line":37},"1":{"loc":{"start":{"line":41,"column":9},"end":{"line":41,"column":null}},"type":"cond-expr","locations":[{"start":{"line":41,"column":16},"end":{"line":41,"column":35}},{"start":{"line":41,"column":35},"end":{"line":41,"column":null}}],"line":41},"2":{"loc":{"start":{"line":57,"column":11},"end":{"line":57,"column":null}},"type":"cond-expr","locations":[{"start":{"line":57,"column":15},"end":{"line":57,"column":50}},{"start":{"line":57,"column":50},"end":{"line":57,"column":null}}],"line":57},"3":{"loc":{"start":{"line":63,"column":15},"end":{"line":63,"column":null}},"type":"cond-expr","locations":[{"start":{"line":63,"column":22},"end":{"line":63,"column":41}},{"start":{"line":63,"column":41},"end":{"line":63,"column":null}}],"line":63},"4":{"loc":{"start":{"line":64,"column":2},"end":{"line":66,"column":null}},"type":"if","locations":[{"start":{"line":64,"column":2},"end":{"line":66,"column":null}},{"start":{},"end":{}}],"line":64},"5":{"loc":{"start":{"line":65,"column":21},"end":{"line":65,"column":60}},"type":"binary-expr","locations":[{"start":{"line":65,"column":21},"end":{"line":65,"column":29}},{"start":{"line":65,"column":29},"end":{"line":65,"column":46}},{"start":{"line":65,"column":46},"end":{"line":65,"column":60}}],"line":65},"6":{"loc":{"start":{"line":78,"column":4},"end":{"line":78,"column":null}},"type":"if","locations":[{"start":{"line":78,"column":4},"end":{"line":78,"column":null}},{"start":{},"end":{}}],"line":78},"7":{"loc":{"start":{"line":88,"column":4},"end":{"line":88,"column":null}},"type":"if","locations":[{"start":{"line":88,"column":4},"end":{"line":88,"column":null}},{"start":{},"end":{}}],"line":88},"8":{"loc":{"start":{"line":133,"column":4},"end":{"line":133,"column":null}},"type":"if","locations":[{"start":{"line":133,"column":4},"end":{"line":133,"column":null}},{"start":{},"end":{}}],"line":133},"9":{"loc":{"start":{"line":134,"column":4},"end":{"line":134,"column":null}},"type":"if","locations":[{"start":{"line":134,"column":4},"end":{"line":134,"column":null}},{"start":{},"end":{}}],"line":134},"10":{"loc":{"start":{"line":135,"column":42},"end":{"line":135,"column":82}},"type":"cond-expr","locations":[{"start":{"line":135,"column":58},"end":{"line":135,"column":80}},{"start":{"line":135,"column":80},"end":{"line":135,"column":82}}],"line":135},"11":{"loc":{"start":{"line":145,"column":27},"end":{"line":145,"column":76}},"type":"default-arg","locations":[{"start":{"line":145,"column":62},"end":{"line":145,"column":76}}],"line":145},"12":{"loc":{"start":{"line":166,"column":4},"end":{"line":166,"column":null}},"type":"if","locations":[{"start":{"line":166,"column":4},"end":{"line":166,"column":null}},{"start":{},"end":{}}],"line":166},"13":{"loc":{"start":{"line":167,"column":4},"end":{"line":167,"column":null}},"type":"if","locations":[{"start":{"line":167,"column":4},"end":{"line":167,"column":null}},{"start":{},"end":{}}],"line":167},"14":{"loc":{"start":{"line":168,"column":45},"end":{"line":168,"column":85}},"type":"cond-expr","locations":[{"start":{"line":168,"column":61},"end":{"line":168,"column":83}},{"start":{"line":168,"column":83},"end":{"line":168,"column":85}}],"line":168}},"s":{"0":1,"1":0,"2":0,"3":1,"4":3,"5":1,"6":2,"7":2,"8":0,"9":0,"10":0,"11":0,"12":0,"13":1,"14":0,"15":0,"16":0,"17":0,"18":0,"19":0,"20":0,"21":0,"22":0,"23":0,"24":0,"25":0,"26":0,"27":0,"28":0,"29":0,"30":0,"31":0,"32":0,"33":0,"34":0,"35":0,"36":0,"37":0,"38":0,"39":0,"40":0,"41":0,"42":0,"43":0,"44":0,"45":0,"46":0,"47":0,"48":0,"49":0,"50":0,"51":0,"52":0,"53":0,"54":0,"55":0,"56":0,"57":0,"58":0,"59":0,"60":0,"61":0,"62":0,"63":0,"64":0,"65":0,"66":0,"67":0,"68":0,"69":0,"70":0,"71":0,"72":0,"73":0,"74":0,"75":0,"76":0,"77":0,"78":0,"79":0,"80":0,"81":0,"82":0,"83":0,"84":0,"85":0,"86":0,"87":0,"88":0,"89":0,"90":0,"91":0},"f":{"0":0,"1":0,"2":3,"3":1,"4":2,"5":0,"6":0,"7":0,"8":0,"9":0,"10":0,"11":0,"12":0,"13":0,"14":0,"15":0,"16":0,"17":0,"18":0,"19":0,"20":0,"21":0,"22":0,"23":0,"24":0,"25":0,"26":0},"b":{"0":[1,0],"1":[0,0],"2":[1,1],"3":[0,0],"4":[0,0],"5":[0,0,0],"6":[0,0],"7":[0,0],"8":[0,0],"9":[0,0],"10":[0,0],"11":[0],"12":[0,0],"13":[0,0],"14":[0,0]},"meta":{"lastBranch":15,"lastFunction":27,"lastStatement":92,"seen":{"s:37:55:37:Infinity":0,"b:37:55:37:Infinity:37:55:37:Infinity":0,"f:39:9:39:17":0,"s:41:2:41:Infinity":1,"b:41:16:41:35:41:35:41:Infinity":1,"f:44:9:44:19":1,"s:45:2:45:Infinity":2,"s:48:20:59:Infinity":3,"f:49:6:49:14":2,"s:50:4:50:Infinity":4,"f:52:2:52:10":3,"s:53:4:53:Infinity":5,"f:55:2:55:35":4,"s:56:14:56:Infinity":6,"s:57:4:57:Infinity":7,"b:57:15:57:50:57:50:57:Infinity":2,"f:61:15:61:25":5,"s:62:15:62:Infinity":8,"s:63:15:63:Infinity":9,"b:63:22:63:41:63:41:63:Infinity":3,"b:64:2:66:Infinity:undefined:undefined:undefined:undefined":4,"s:64:2:66:Infinity":10,"s:65:4:65:Infinity":11,"b:65:21:65:29:65:29:65:46:65:46:65:60":5,"s:67:2:67:Infinity":12,"s:70:19:248:Infinity":13,"f:71:8:71:14":6,"s:72:16:76:Infinity":14,"s:77:17:77:Infinity":15,"b:78:4:78:Infinity:undefined:undefined:undefined:undefined":6,"s:78:4:78:Infinity":16,"s:78:20:78:Infinity":17,"s:79:4:79:Infinity":18,"f:81:8:81:17":7,"s:82:16:86:Infinity":19,"s:87:17:87:Infinity":20,"b:88:4:88:Infinity:undefined:undefined:undefined:undefined":7,"s:88:4:88:Infinity":21,"s:88:20:88:Infinity":22,"s:89:4:89:Infinity":23,"f:91:8:91:13":8,"s:92:44:92:Infinity":24,"s:93:16:93:Infinity":25,"s:94:4:94:Infinity":26,"f:96:8:96:17":9,"s:97:44:97:Infinity":27,"s:98:16:101:Infinity":28,"s:102:4:102:Infinity":29,"s:103:4:103:Infinity":30,"f:105:8:105:19":10,"s:106:16:106:Infinity":31,"s:107:4:107:Infinity":32,"f:109:8:109:21":11,"s:110:16:110:Infinity":33,"s:111:4:111:Infinity":34,"f:113:8:113:22":12,"s:114:44:114:Infinity":35,"s:115:16:119:Infinity":36,"s:120:4:120:Infinity":37,"f:122:8:122:30":13,"s:123:44:123:Infinity":38,"s:124:16:128:Infinity":39,"s:129:4:129:Infinity":40,"f:131:8:131:20":14,"s:132:15:132:Infinity":41,"b:133:4:133:Infinity:undefined:undefined:undefined:undefined":8,"s:133:4:133:Infinity":42,"s:133:22:133:Infinity":43,"b:134:4:134:Infinity:undefined:undefined:undefined:undefined":9,"s:134:4:134:Infinity":44,"s:134:20:134:Infinity":45,"s:135:16:135:Infinity":46,"b:135:58:135:80:135:80:135:82":10,"s:136:44:136:Infinity":47,"s:137:16:137:Infinity":48,"s:138:4:138:Infinity":49,"f:140:8:140:31":15,"s:141:44:141:Infinity":50,"s:142:16:142:Infinity":51,"s:143:4:143:Infinity":52,"f:145:8:145:27":16,"b:145:62:145:76":11,"s:146:44:146:Infinity":53,"s:147:16:151:Infinity":54,"s:152:4:152:Infinity":55,"f:154:8:154:20":17,"s:155:44:155:Infinity":56,"s:156:16:156:Infinity":57,"s:157:4:157:Infinity":58,"f:159:8:159:22":18,"s:160:44:160:Infinity":59,"s:161:16:161:Infinity":60,"s:162:4:162:Infinity":61,"f:164:8:164:31":19,"s:165:15:165:Infinity":62,"b:166:4:166:Infinity:undefined:undefined:undefined:undefined":12,"s:166:4:166:Infinity":63,"s:166:22:166:Infinity":64,"b:167:4:167:Infinity:undefined:undefined:undefined:undefined":13,"s:167:4:167:Infinity":65,"s:167:20:167:Infinity":66,"s:168:16:168:Infinity":67,"b:168:61:168:83:168:83:168:85":14,"s:169:44:169:Infinity":68,"s:170:16:170:Infinity":69,"s:171:4:171:Infinity":70,"f:173:8:173:24":20,"s:174:44:174:Infinity":71,"s:175:16:175:Infinity":72,"s:176:4:176:Infinity":73,"f:178:8:178:26":21,"s:179:44:179:Infinity":74,"s:180:16:180:Infinity":75,"s:181:4:181:Infinity":76,"f:183:8:183:22":22,"s:184:44:184:Infinity":77,"s:185:16:185:Infinity":78,"s:186:4:213:Infinity":79,"f:217:8:217:26":23,"s:218:44:218:Infinity":80,"s:219:16:219:Infinity":81,"s:220:4:220:Infinity":82,"f:222:8:222:20":24,"s:223:44:223:Infinity":83,"s:224:16:228:Infinity":84,"s:229:4:229:Infinity":85,"f:231:8:231:20":25,"s:232:44:232:Infinity":86,"s:233:16:237:Infinity":87,"s:238:4:238:Infinity":88,"f:240:8:240:20":26,"s:241:44:241:Infinity":89,"s:242:16:245:Infinity":90,"s:246:4:246:Infinity":91}}}
,"D:\\FERI MAG\\RIRS\\WiiFit-fitnesapp\\frontend\\src\\lib\\utils.ts": {"path":"D:\\FERI MAG\\RIRS\\WiiFit-fitnesapp\\frontend\\src\\lib\\utils.ts","statementMap":{"0":{"start":{"line":5,"column":2},"end":{"line":5,"column":null}}},"fnMap":{"0":{"name":"cn","decl":{"start":{"line":4,"column":16},"end":{"line":4,"column":22}},"loc":{"start":{"line":4,"column":44},"end":{"line":6,"column":null}},"line":4}},"branchMap":{},"s":{"0":6},"f":{"0":6},"b":{},"meta":{"lastBranch":0,"lastFunction":1,"lastStatement":1,"seen":{"f:4:16:4:22":0,"s:5:2:5:Infinity":0}}}
}
