{"D:\\FERI MAG\\RIRS\\WiiFit-fitnesapp\\backend\\src\\app.ts": {"path":"D:\\FERI MAG\\RIRS\\WiiFit-fitnesapp\\backend\\src\\app.ts","statementMap":{"0":{"start":{"line":1,"column":0},"end":{"line":1,"column":67}},"1":{"start":{"line":2,"column":0},"end":{"line":2,"column":24}},"2":{"start":{"line":3,"column":0},"end":{"line":3,"column":28}},"3":{"start":{"line":4,"column":0},"end":{"line":4,"column":28}},"4":{"start":{"line":6,"column":0},"end":{"line":6,"column":30}},"5":{"start":{"line":7,"column":0},"end":{"line":7,"column":56}},"6":{"start":{"line":9,"column":12},"end":{"line":9,"column":21}},"7":{"start":{"line":12,"column":0},"end":{"line":12,"column":105}},"8":{"start":{"line":15,"column":0},"end":{"line":15,"column":18}},"9":{"start":{"line":16,"column":0},"end":{"line":16,"column":16}},"10":{"start":{"line":17,"column":0},"end":{"line":17,"column":24}},"11":{"start":{"line":18,"column":0},"end":{"line":18,"column":23}},"12":{"start":{"line":21,"column":0},"end":{"line":23,"column":3}},"13":{"start":{"line":22,"column":2},"end":{"line":22,"column":41}},"14":{"start":{"line":26,"column":0},"end":{"line":26,"column":24}},"15":{"start":{"line":29,"column":0},"end":{"line":31,"column":3}},"16":{"start":{"line":30,"column":2},"end":{"line":30,"column":49}},"17":{"start":{"line":35,"column":0},"end":{"line":40,"column":3}},"18":{"start":{"line":36,"column":2},"end":{"line":36,"column":21}},"19":{"start":{"line":37,"column":17},"end":{"line":37,"column":34}},"20":{"start":{"line":38,"column":18},"end":{"line":38,"column":56}},"21":{"start":{"line":39,"column":2},"end":{"line":39,"column":39}},"22":{"start":{"line":42,"column":0},"end":{"line":42,"column":19}}},"fnMap":{"0":{"name":"(anonymous_1)","decl":{"start":{"line":21,"column":20},"end":{"line":21,"column":21}},"loc":{"start":{"line":21,"column":53},"end":{"line":23,"column":1}}},"1":{"name":"(anonymous_2)","decl":{"start":{"line":29,"column":8},"end":{"line":29,"column":9}},"loc":{"start":{"line":29,"column":41},"end":{"line":31,"column":1}}},"2":{"name":"(anonymous_3)","decl":{"start":{"line":35,"column":8},"end":{"line":35,"column":9}},"loc":{"start":{"line":35,"column":72},"end":{"line":40,"column":1}}}},"branchMap":{"0":{"loc":{"start":{"line":37,"column":17},"end":{"line":37,"column":34}},"type":"binary-expr","locations":[{"start":{"line":37,"column":17},"end":{"line":37,"column":27}},{"start":{"line":37,"column":31},"end":{"line":37,"column":34}}]},"1":{"loc":{"start":{"line":38,"column":18},"end":{"line":38,"column":56}},"type":"binary-expr","locations":[{"start":{"line":38,"column":18},"end":{"line":38,"column":29}},{"start":{"line":38,"column":33},"end":{"line":38,"column":56}}]}},"s":{"0":0,"1":0,"2":0,"3":0,"4":0,"5":0,"6":0,"7":0,"8":0,"9":0,"10":0,"11":0,"12":0,"13":0,"14":0,"15":0,"16":0,"17":0,"18":0,"19":0,"20":0,"21":0,"22":0},"f":{"0":0,"1":0,"2":0},"b":{"0":[0,0],"1":[0,0]}}
,"D:\\FERI MAG\\RIRS\\WiiFit-fitnesapp\\backend\\src\\db.ts": {"path":"D:\\FERI MAG\\RIRS\\WiiFit-fitnesapp\\backend\\src\\db.ts","statementMap":{"0":{"start":{"line":34,"column":0},"end":{"line":34,"column":7}},"1":{"start":{"line":1,"column":0},"end":{"line":1,"column":47}},"2":{"start":{"line":4,"column":14},"end":{"line":4,"column":38}},"3":{"start":{"line":5,"column":2},"end":{"line":5,"column":47}},"4":{"start":{"line":5,"column":36},"end":{"line":5,"column":47}},"5":{"start":{"line":7,"column":15},"end":{"line":7,"column":34}},"6":{"start":{"line":8,"column":15},"end":{"line":8,"column":34}},"7":{"start":{"line":9,"column":15},"end":{"line":9,"column":34}},"8":{"start":{"line":10,"column":15},"end":{"line":10,"column":40}},"9":{"start":{"line":11,"column":15},"end":{"line":11,"column":44}},"10":{"start":{"line":13,"column":2},"end":{"line":17,"column":3}},"11":{"start":{"line":14,"column":20},"end":{"line":14,"column":44}},"12":{"start":{"line":15,"column":20},"end":{"line":15,"column":62}},"13":{"start":{"line":16,"column":4},"end":{"line":16,"column":69}},"14":{"start":{"line":18,"column":2},"end":{"line":18,"column":19}},"15":{"start":{"line":21,"column":25},"end":{"line":21,"column":48}},"16":{"start":{"line":23,"column":0},"end":{"line":26,"column":1}},"17":{"start":{"line":25,"column":2},"end":{"line":25,"column":98}},"18":{"start":{"line":28,"column":13},"end":{"line":32,"column":3}},"19":{"start":{"line":38,"column":14},"end":{"line":38,"column":47}},"20":{"start":{"line":39,"column":2},"end":{"line":39,"column":28}},"21":{"start":{"line":42,"column":0},"end":{"line":42,"column":20}}},"fnMap":{"0":{"name":"buildConnectionString","decl":{"start":{"line":3,"column":9},"end":{"line":3,"column":30}},"loc":{"start":{"line":3,"column":30},"end":{"line":19,"column":1}}},"1":{"name":"query","decl":{"start":{"line":34,"column":22},"end":{"line":34,"column":27}},"loc":{"start":{"line":36,"column":16},"end":{"line":40,"column":1}}}},"branchMap":{"0":{"loc":{"start":{"line":5,"column":2},"end":{"line":5,"column":47}},"type":"if","locations":[{"start":{"line":5,"column":2},"end":{"line":5,"column":47}},{"start":{},"end":{}}]},"1":{"loc":{"start":{"line":5,"column":6},"end":{"line":5,"column":34}},"type":"binary-expr","locations":[{"start":{"line":5,"column":6},"end":{"line":5,"column":9}},{"start":{"line":5,"column":13},"end":{"line":5,"column":34}}]},"2":{"loc":{"start":{"line":10,"column":15},"end":{"line":10,"column":40}},"type":"binary-expr","locations":[{"start":{"line":10,"column":15},"end":{"line":10,"column":34}},{"start":{"line":10,"column":38},"end":{"line":10,"column":40}}]},"3":{"loc":{"start":{"line":11,"column":15},"end":{"line":11,"column":44}},"type":"binary-expr","locations":[{"start":{"line":11,"column":15},"end":{"line":11,"column":34}},{"start":{"line":11,"column":38},"end":{"line":11,"column":44}}]},"4":{"loc":{"start":{"line":13,"column":2},"end":{"line":17,"column":3}},"type":"if","locations":[{"start":{"line":13,"column":2},"end":{"line":17,"column":3}},{"start":{},"end":{}}]},"5":{"loc":{"start":{"line":13,"column":6},"end":{"line":13,"column":26}},"type":"binary-expr","locations":[{"start":{"line":13,"column":6},"end":{"line":13,"column":10}},{"start":{"line":13,"column":14},"end":{"line":13,"column":18}},{"start":{"line":13,"column":22},"end":{"line":13,"column":26}}]},"6":{"loc":{"start":{"line":15,"column":20},"end":{"line":15,"column":62}},"type":"cond-expr","locations":[{"start":{"line":15,"column":27},"end":{"line":15,"column":57}},{"start":{"line":15,"column":60},"end":{"line":15,"column":62}}]},"7":{"loc":{"start":{"line":23,"column":0},"end":{"line":26,"column":1}},"type":"if","locations":[{"start":{"line":23,"column":0},"end":{"line":26,"column":1}},{"start":{},"end":{}}]},"8":{"loc":{"start":{"line":31,"column":7},"end":{"line":31,"column":84}},"type":"cond-expr","locations":[{"start":{"line":31,"column":47},"end":{"line":31,"column":76}},{"start":{"line":31,"column":79},"end":{"line":31,"column":84}}]}},"s":{"0":0,"1":0,"2":0,"3":0,"4":0,"5":0,"6":0,"7":0,"8":0,"9":0,"10":0,"11":0,"12":0,"13":0,"14":0,"15":0,"16":0,"17":0,"18":0,"19":0,"20":0,"21":0},"f":{"0":0,"1":0},"b":{"0":[0,0],"1":[0,0],"2":[0,0],"3":[0,0],"4":[0,0],"5":[0,0,0],"6":[0,0],"7":[0,0],"8":[0,0]}}
,"D:\\FERI MAG\\RIRS\\WiiFit-fitnesapp\\backend\\src\\controllers\\authController.ts": {"path":"D:\\FERI MAG\\RIRS\\WiiFit-fitnesapp\\backend\\src\\controllers\\authController.ts","statementMap":{"0":{"start":{"line":17,"column":0},"end":{"line":17,"column":7}},"1":{"start":{"line":64,"column":0},"end":{"line":64,"column":7}},"2":{"start":{"line":90,"column":0},"end":{"line":90,"column":7}},"3":{"start":{"line":2,"column":0},"end":{"line":2,"column":30}},"4":{"start":{"line":3,"column":0},"end":{"line":3,"column":31}},"5":{"start":{"line":4,"column":0},"end":{"line":4,"column":36}},"6":{"start":{"line":5,"column":0},"end":{"line":5,"column":30}},"7":{"start":{"line":6,"column":0},"end":{"line":6,"column":69}},"8":{"start":{"line":10,"column":17},"end":{"line":10,"column":39}},"9":{"start":{"line":11,"column":2},"end":{"line":13,"column":3}},"10":{"start":{"line":12,"column":4},"end":{"line":12,"column":52}},"11":{"start":{"line":14,"column":2},"end":{"line":14,"column":65}},"12":{"start":{"line":18,"column":92},"end":{"line":18,"column":141}},"13":{"start":{"line":19,"column":2},"end":{"line":21,"column":3}},"14":{"start":{"line":20,"column":4},"end":{"line":20,"column":80}},"15":{"start":{"line":24,"column":2},"end":{"line":26,"column":3}},"16":{"start":{"line":25,"column":4},"end":{"line":25,"column":69}},"17":{"start":{"line":27,"column":14},"end":{"line":27,"column":40}},"18":{"start":{"line":28,"column":2},"end":{"line":30,"column":3}},"19":{"start":{"line":29,"column":4},"end":{"line":29,"column":68}},"20":{"start":{"line":32,"column":19},"end":{"line":34,"column":null}},"21":{"start":{"line":36,"column":2},"end":{"line":38,"column":3}},"22":{"start":{"line":37,"column":4},"end":{"line":37,"column":73}},"23":{"start":{"line":40,"column":24},"end":{"line":40,"column":55}},"24":{"start":{"line":41,"column":19},"end":{"line":55,"column":null}},"25":{"start":{"line":57,"column":15},"end":{"line":57,"column":31}},"26":{"start":{"line":59,"column":14},"end":{"line":59,"column":26}},"27":{"start":{"line":60,"column":16},"end":{"line":60,"column":67}},"28":{"start":{"line":61,"column":2},"end":{"line":61,"column":47}},"29":{"start":{"line":65,"column":30},"end":{"line":65,"column":79}},"30":{"start":{"line":66,"column":2},"end":{"line":68,"column":3}},"31":{"start":{"line":67,"column":4},"end":{"line":67,"column":80}},"32":{"start":{"line":70,"column":16},"end":{"line":72,"column":null}},"33":{"start":{"line":74,"column":2},"end":{"line":76,"column":3}},"34":{"start":{"line":75,"column":4},"end":{"line":75,"column":68}},"35":{"start":{"line":78,"column":15},"end":{"line":78,"column":28}},"36":{"start":{"line":79,"column":13},"end":{"line":79,"column":63}},"37":{"start":{"line":80,"column":2},"end":{"line":82,"column":3}},"38":{"start":{"line":81,"column":4},"end":{"line":81,"column":68}},"39":{"start":{"line":84,"column":14},"end":{"line":84,"column":26}},"40":{"start":{"line":85,"column":16},"end":{"line":85,"column":67}},"41":{"start":{"line":86,"column":41},"end":{"line":86,"column":52}},"42":{"start":{"line":87,"column":2},"end":{"line":87,"column":57}},"43":{"start":{"line":91,"column":15},"end":{"line":91,"column":46}},"44":{"start":{"line":92,"column":26},"end":{"line":92,"column":41}},"45":{"start":{"line":93,"column":2},"end":{"line":95,"column":3}},"46":{"start":{"line":94,"column":4},"end":{"line":94,"column":77}},"47":{"start":{"line":96,"column":2},"end":{"line":112,"column":3}},"48":{"start":{"line":97,"column":19},"end":{"line":97,"column":41}},"49":{"start":{"line":98,"column":4},"end":{"line":98,"column":62}},"50":{"start":{"line":98,"column":17},"end":{"line":98,"column":62}},"51":{"start":{"line":99,"column":20},"end":{"line":99,"column":63}},"52":{"start":{"line":100,"column":16},"end":{"line":100,"column":27}},"53":{"start":{"line":101,"column":16},"end":{"line":101,"column":27}},"54":{"start":{"line":102,"column":4},"end":{"line":104,"column":5}},"55":{"start":{"line":103,"column":6},"end":{"line":103,"column":72}},"56":{"start":{"line":105,"column":4},"end":{"line":108,"column":6}},"57":{"start":{"line":109,"column":4},"end":{"line":109,"column":59}},"58":{"start":{"line":111,"column":4},"end":{"line":111,"column":62}}},"fnMap":{"0":{"name":"signToken","decl":{"start":{"line":9,"column":9},"end":{"line":9,"column":18}},"loc":{"start":{"line":9,"column":79},"end":{"line":15,"column":1}}},"1":{"name":"register","decl":{"start":{"line":17,"column":22},"end":{"line":17,"column":30}},"loc":{"start":{"line":17,"column":58},"end":{"line":62,"column":1}}},"2":{"name":"login","decl":{"start":{"line":64,"column":22},"end":{"line":64,"column":27}},"loc":{"start":{"line":64,"column":55},"end":{"line":88,"column":1}}},"3":{"name":"logout","decl":{"start":{"line":90,"column":22},"end":{"line":90,"column":28}},"loc":{"start":{"line":90,"column":56},"end":{"line":113,"column":1}}}},"branchMap":{"0":{"loc":{"start":{"line":11,"column":2},"end":{"line":13,"column":3}},"type":"if","locations":[{"start":{"line":11,"column":2},"end":{"line":13,"column":3}},{"start":{},"end":{}}]},"1":{"loc":{"start":{"line":19,"column":2},"end":{"line":21,"column":3}},"type":"if","locations":[{"start":{"line":19,"column":2},"end":{"line":21,"column":3}},{"start":{},"end":{}}]},"2":{"loc":{"start":{"line":19,"column":6},"end":{"line":19,"column":25}},"type":"binary-expr","locations":[{"start":{"line":19,"column":6},"end":{"line":19,"column":12}},{"start":{"line":19,"column":16},"end":{"line":19,"column":25}}]},"3":{"loc":{"start":{"line":24,"column":2},"end":{"line":26,"column":3}},"type":"if","locations":[{"start":{"line":24,"column":2},"end":{"line":26,"column":3}},{"start":{},"end":{}}]},"4":{"loc":{"start":{"line":28,"column":2},"end":{"line":30,"column":3}},"type":"if","locations":[{"start":{"line":28,"column":2},"end":{"line":30,"column":3}},{"start":{},"end":{}}]},"5":{"loc":{"start":{"line":36,"column":2},"end":{"line":38,"column":3}},"type":"if","locations":[{"start":{"line":36,"column":2},"end":{"line":38,"column":3}},{"start":{},"end":{}}]},"6":{"loc":{"start":{"line":49,"column":6},"end":{"line":49,"column":23}},"type":"binary-expr","locations":[{"start":{"line":49,"column":6},"end":{"line":49,"column":15}},{"start":{"line":49,"column":19},"end":{"line":49,"column":23}}]},"7":{"loc":{"start":{"line":50,"column":6},"end":{"line":50,"column":20}},"type":"binary-expr","locations":[{"start":{"line":50,"column":6},"end":{"line":50,"column":12}},{"start":{"line":50,"column":16},"end":{"line":50,"column":20}}]},"8":{"loc":{"start":{"line":51,"column":6},"end":{"line":51,"column":27}},"type":"binary-expr","locations":[{"start":{"line":51,"column":6},"end":{"line":51,"column":19}},{"start":{"line":51,"column":23},"end":{"line":51,"column":27}}]},"9":{"loc":{"start":{"line":52,"column":6},"end":{"line":52,"column":23}},"type":"binary-expr","locations":[{"start":{"line":52,"column":6},"end":{"line":52,"column":15}},{"start":{"line":52,"column":19},"end":{"line":52,"column":23}}]},"10":{"loc":{"start":{"line":53,"column":6},"end":{"line":53,"column":23}},"type":"binary-expr","locations":[{"start":{"line":53,"column":6},"end":{"line":53,"column":15}},{"start":{"line":53,"column":19},"end":{"line":53,"column":23}}]},"11":{"loc":{"start":{"line":54,"column":6},"end":{"line":54,"column":18}},"type":"binary-expr","locations":[{"start":{"line":54,"column":6},"end":{"line":54,"column":10}},{"start":{"line":54,"column":14},"end":{"line":54,"column":18}}]},"12":{"loc":{"start":{"line":66,"column":2},"end":{"line":68,"column":3}},"type":"if","locations":[{"start":{"line":66,"column":2},"end":{"line":68,"column":3}},{"start":{},"end":{}}]},"13":{"loc":{"start":{"line":66,"column":6},"end":{"line":66,"column":25}},"type":"binary-expr","locations":[{"start":{"line":66,"column":6},"end":{"line":66,"column":12}},{"start":{"line":66,"column":16},"end":{"line":66,"column":25}}]},"14":{"loc":{"start":{"line":74,"column":2},"end":{"line":76,"column":3}},"type":"if","locations":[{"start":{"line":74,"column":2},"end":{"line":76,"column":3}},{"start":{},"end":{}}]},"15":{"loc":{"start":{"line":80,"column":2},"end":{"line":82,"column":3}},"type":"if","locations":[{"start":{"line":80,"column":2},"end":{"line":82,"column":3}},{"start":{},"end":{}}]},"16":{"loc":{"start":{"line":91,"column":15},"end":{"line":91,"column":46}},"type":"binary-expr","locations":[{"start":{"line":91,"column":15},"end":{"line":91,"column":40}},{"start":{"line":91,"column":44},"end":{"line":91,"column":46}}]},"17":{"loc":{"start":{"line":93,"column":2},"end":{"line":95,"column":3}},"type":"if","locations":[{"start":{"line":93,"column":2},"end":{"line":95,"column":3}},{"start":{},"end":{}}]},"18":{"loc":{"start":{"line":93,"column":6},"end":{"line":93,"column":35}},"type":"binary-expr","locations":[{"start":{"line":93,"column":6},"end":{"line":93,"column":25}},{"start":{"line":93,"column":29},"end":{"line":93,"column":35}}]},"19":{"loc":{"start":{"line":98,"column":4},"end":{"line":98,"column":62}},"type":"if","locations":[{"start":{"line":98,"column":4},"end":{"line":98,"column":62}},{"start":{},"end":{}}]},"20":{"loc":{"start":{"line":102,"column":4},"end":{"line":104,"column":5}},"type":"if","locations":[{"start":{"line":102,"column":4},"end":{"line":104,"column":5}},{"start":{},"end":{}}]},"21":{"loc":{"start":{"line":102,"column":8},"end":{"line":102,"column":20}},"type":"binary-expr","locations":[{"start":{"line":102,"column":8},"end":{"line":102,"column":12}},{"start":{"line":102,"column":16},"end":{"line":102,"column":20}}]}},"s":{"0":0,"1":0,"2":0,"3":0,"4":0,"5":0,"6":0,"7":0,"8":0,"9":0,"10":0,"11":0,"12":0,"13":0,"14":0,"15":0,"16":0,"17":0,"18":0,"19":0,"20":0,"21":0,"22":0,"23":0,"24":0,"25":0,"26":0,"27":0,"28":0,"29":0,"30":0,"31":0,"32":0,"33":0,"34":0,"35":0,"36":0,"37":0,"38":0,"39":0,"40":0,"41":0,"42":0,"43":0,"44":0,"45":0,"46":0,"47":0,"48":0,"49":0,"50":0,"51":0,"52":0,"53":0,"54":0,"55":0,"56":0,"57":0,"58":0},"f":{"0":0,"1":0,"2":0,"3":0},"b":{"0":[0,0],"1":[0,0],"2":[0,0],"3":[0,0],"4":[0,0],"5":[0,0],"6":[0,0],"7":[0,0],"8":[0,0],"9":[0,0],"10":[0,0],"11":[0,0],"12":[0,0],"13":[0,0],"14":[0,0],"15":[0,0],"16":[0,0],"17":[0,0],"18":[0,0],"19":[0,0],"20":[0,0],"21":[0,0]}}
,"D:\\FERI MAG\\RIRS\\WiiFit-fitnesapp\\backend\\src\\middleware\\admin.ts": {"path":"D:\\FERI MAG\\RIRS\\WiiFit-fitnesapp\\backend\\src\\middleware\\admin.ts","statementMap":{"0":{"start":{"line":4,"column":0},"end":{"line":4,"column":7}},"1":{"start":{"line":2,"column":0},"end":{"line":2,"column":30}},"2":{"start":{"line":5,"column":17},"end":{"line":5,"column":56}},"3":{"start":{"line":6,"column":2},"end":{"line":8,"column":3}},"4":{"start":{"line":7,"column":4},"end":{"line":7,"column":61}},"5":{"start":{"line":10,"column":2},"end":{"line":19,"column":3}},"6":{"start":{"line":11,"column":19},"end":{"line":11,"column":84}},"7":{"start":{"line":12,"column":4},"end":{"line":14,"column":5}},"8":{"start":{"line":13,"column":6},"end":{"line":13,"column":72}},"9":{"start":{"line":15,"column":4},"end":{"line":15,"column":11}},"10":{"start":{"line":17,"column":4},"end":{"line":17,"column":47}},"11":{"start":{"line":18,"column":4},"end":{"line":18,"column":70}}},"fnMap":{"0":{"name":"requireAdmin","decl":{"start":{"line":4,"column":22},"end":{"line":4,"column":34}},"loc":{"start":{"line":4,"column":82},"end":{"line":20,"column":1}}}},"branchMap":{"0":{"loc":{"start":{"line":6,"column":2},"end":{"line":8,"column":3}},"type":"if","locations":[{"start":{"line":6,"column":2},"end":{"line":8,"column":3}},{"start":{},"end":{}}]},"1":{"loc":{"start":{"line":12,"column":4},"end":{"line":14,"column":5}},"type":"if","locations":[{"start":{"line":12,"column":4},"end":{"line":14,"column":5}},{"start":{},"end":{}}]},"2":{"loc":{"start":{"line":12,"column":8},"end":{"line":12,"column":60}},"type":"binary-expr","locations":[{"start":{"line":12,"column":8},"end":{"line":12,"column":32}},{"start":{"line":12,"column":36},"end":{"line":12,"column":60}}]}},"s":{"0":0,"1":0,"2":0,"3":0,"4":0,"5":0,"6":0,"7":0,"8":0,"9":0,"10":0,"11":0},"f":{"0":0},"b":{"0":[0,0],"1":[0,0],"2":[0,0]}}
,"D:\\FERI MAG\\RIRS\\WiiFit-fitnesapp\\backend\\src\\middleware\\auth.ts": {"path":"D:\\FERI MAG\\RIRS\\WiiFit-fitnesapp\\backend\\src\\middleware\\auth.ts","statementMap":{"0":{"start":{"line":5,"column":0},"end":{"line":5,"column":7}},"1":{"start":{"line":2,"column":0},"end":{"line":2,"column":31}},"2":{"start":{"line":3,"column":0},"end":{"line":3,"column":30}},"3":{"start":{"line":6,"column":15},"end":{"line":6,"column":46}},"4":{"start":{"line":7,"column":26},"end":{"line":7,"column":41}},"5":{"start":{"line":8,"column":2},"end":{"line":10,"column":3}},"6":{"start":{"line":9,"column":4},"end":{"line":9,"column":88}},"7":{"start":{"line":12,"column":2},"end":{"line":36,"column":3}},"8":{"start":{"line":13,"column":19},"end":{"line":13,"column":41}},"9":{"start":{"line":14,"column":4},"end":{"line":14,"column":62}},"10":{"start":{"line":14,"column":17},"end":{"line":14,"column":62}},"11":{"start":{"line":16,"column":20},"end":{"line":16,"column":63}},"12":{"start":{"line":19,"column":4},"end":{"line":27,"column":5}},"13":{"start":{"line":20,"column":26},"end":{"line":22,"column":null}},"14":{"start":{"line":24,"column":6},"end":{"line":26,"column":7}},"15":{"start":{"line":25,"column":8},"end":{"line":25,"column":66}},"16":{"start":{"line":30,"column":19},"end":{"line":30,"column":78}},"17":{"start":{"line":31,"column":4},"end":{"line":31,"column":75}},"18":{"start":{"line":31,"column":17},"end":{"line":31,"column":75}},"19":{"start":{"line":32,"column":4},"end":{"line":32,"column":31}},"20":{"start":{"line":33,"column":4},"end":{"line":33,"column":18}},"21":{"start":{"line":35,"column":4},"end":{"line":35,"column":73}}},"fnMap":{"0":{"name":"requireAuth","decl":{"start":{"line":5,"column":22},"end":{"line":5,"column":33}},"loc":{"start":{"line":5,"column":81},"end":{"line":37,"column":1}}}},"branchMap":{"0":{"loc":{"start":{"line":6,"column":15},"end":{"line":6,"column":46}},"type":"binary-expr","locations":[{"start":{"line":6,"column":15},"end":{"line":6,"column":40}},{"start":{"line":6,"column":44},"end":{"line":6,"column":46}}]},"1":{"loc":{"start":{"line":8,"column":2},"end":{"line":10,"column":3}},"type":"if","locations":[{"start":{"line":8,"column":2},"end":{"line":10,"column":3}},{"start":{},"end":{}}]},"2":{"loc":{"start":{"line":8,"column":6},"end":{"line":8,"column":35}},"type":"binary-expr","locations":[{"start":{"line":8,"column":6},"end":{"line":8,"column":25}},{"start":{"line":8,"column":29},"end":{"line":8,"column":35}}]},"3":{"loc":{"start":{"line":14,"column":4},"end":{"line":14,"column":62}},"type":"if","locations":[{"start":{"line":14,"column":4},"end":{"line":14,"column":62}},{"start":{},"end":{}}]},"4":{"loc":{"start":{"line":19,"column":4},"end":{"line":27,"column":5}},"type":"if","locations":[{"start":{"line":19,"column":4},"end":{"line":27,"column":5}},{"start":{},"end":{}}]},"5":{"loc":{"start":{"line":24,"column":6},"end":{"line":26,"column":7}},"type":"if","locations":[{"start":{"line":24,"column":6},"end":{"line":26,"column":7}},{"start":{},"end":{}}]},"6":{"loc":{"start":{"line":30,"column":19},"end":{"line":30,"column":78}},"type":"cond-expr","locations":[{"start":{"line":30,"column":33},"end":{"line":30,"column":52}},{"start":{"line":30,"column":56},"end":{"line":30,"column":78}}]},"7":{"loc":{"start":{"line":31,"column":4},"end":{"line":31,"column":75}},"type":"if","locations":[{"start":{"line":31,"column":4},"end":{"line":31,"column":75}},{"start":{},"end":{}}]}},"s":{"0":0,"1":0,"2":0,"3":0,"4":0,"5":0,"6":0,"7":0,"8":0,"9":0,"10":0,"11":0,"12":0,"13":0,"14":0,"15":0,"16":0,"17":0,"18":0,"19":0,"20":0,"21":0},"f":{"0":0},"b":{"0":[0,0],"1":[0,0],"2":[0,0],"3":[0,0],"4":[0,0],"5":[0,0],"6":[0,0],"7":[0,0]}}
,"D:\\FERI MAG\\RIRS\\WiiFit-fitnesapp\\backend\\src\\routes\\admin.ts": {"path":"D:\\FERI MAG\\RIRS\\WiiFit-fitnesapp\\backend\\src\\routes\\admin.ts","statementMap":{"0":{"start":{"line":1,"column":0},"end":{"line":1,"column":52}},"1":{"start":{"line":2,"column":0},"end":{"line":2,"column":49}},"2":{"start":{"line":3,"column":0},"end":{"line":3,"column":51}},"3":{"start":{"line":4,"column":0},"end":{"line":4,"column":30}},"4":{"start":{"line":6,"column":20},"end":{"line":6,"column":28}},"5":{"start":{"line":9,"column":0},"end":{"line":21,"column":3}},"6":{"start":{"line":10,"column":2},"end":{"line":20,"column":3}},"7":{"start":{"line":11,"column":19},"end":{"line":15,"column":6}},"8":{"start":{"line":16,"column":4},"end":{"line":16,"column":39}},"9":{"start":{"line":18,"column":4},"end":{"line":18,"column":52}},"10":{"start":{"line":19,"column":4},"end":{"line":19,"column":64}},"11":{"start":{"line":24,"column":0},"end":{"line":43,"column":3}},"12":{"start":{"line":25,"column":27},"end":{"line":25,"column":73}},"13":{"start":{"line":27,"column":2},"end":{"line":29,"column":3}},"14":{"start":{"line":28,"column":4},"end":{"line":28,"column":66}},"15":{"start":{"line":31,"column":2},"end":{"line":42,"column":3}},"16":{"start":{"line":32,"column":19},"end":{"line":36,"column":null}},"17":{"start":{"line":38,"column":4},"end":{"line":38,"column":52}},"18":{"start":{"line":40,"column":4},"end":{"line":40,"column":53}},"19":{"start":{"line":41,"column":4},"end":{"line":41,"column":64}},"20":{"start":{"line":46,"column":0},"end":{"line":76,"column":3}},"21":{"start":{"line":47,"column":18},"end":{"line":47,"column":45}},"22":{"start":{"line":48,"column":2},"end":{"line":50,"column":3}},"23":{"start":{"line":49,"column":4},"end":{"line":49,"column":65}},"24":{"start":{"line":52,"column":27},"end":{"line":52,"column":73}},"25":{"start":{"line":54,"column":2},"end":{"line":56,"column":3}},"26":{"start":{"line":55,"column":4},"end":{"line":55,"column":66}},"27":{"start":{"line":58,"column":2},"end":{"line":75,"column":3}},"28":{"start":{"line":59,"column":19},"end":{"line":64,"column":null}},"29":{"start":{"line":67,"column":4},"end":{"line":69,"column":5}},"30":{"start":{"line":68,"column":6},"end":{"line":68,"column":66}},"31":{"start":{"line":71,"column":4},"end":{"line":71,"column":40}},"32":{"start":{"line":73,"column":4},"end":{"line":73,"column":52}},"33":{"start":{"line":74,"column":4},"end":{"line":74,"column":64}},"34":{"start":{"line":79,"column":0},"end":{"line":113,"column":3}},"35":{"start":{"line":80,"column":18},"end":{"line":80,"column":45}},"36":{"start":{"line":81,"column":2},"end":{"line":83,"column":3}},"37":{"start":{"line":82,"column":4},"end":{"line":82,"column":65}},"38":{"start":{"line":85,"column":2},"end":{"line":112,"column":3}},"39":{"start":{"line":87,"column":26},"end":{"line":89,"column":null}},"40":{"start":{"line":92,"column":25},"end":{"line":92,"column":74}},"41":{"start":{"line":93,"column":4},"end":{"line":97,"column":5}},"42":{"start":{"line":94,"column":6},"end":{"line":96,"column":9}},"43":{"start":{"line":99,"column":19},"end":{"line":101,"column":null}},"44":{"start":{"line":104,"column":4},"end":{"line":106,"column":5}},"45":{"start":{"line":105,"column":6},"end":{"line":105,"column":66}},"46":{"start":{"line":108,"column":4},"end":{"line":108,"column":56}},"47":{"start":{"line":110,"column":4},"end":{"line":110,"column":55}},"48":{"start":{"line":111,"column":4},"end":{"line":111,"column":64}},"49":{"start":{"line":115,"column":0},"end":{"line":115,"column":27}}},"fnMap":{"0":{"name":"(anonymous_0)","decl":{"start":{"line":9,"column":55},"end":{"line":9,"column":60}},"loc":{"start":{"line":9,"column":94},"end":{"line":21,"column":1}}},"1":{"name":"(anonymous_1)","decl":{"start":{"line":24,"column":56},"end":{"line":24,"column":61}},"loc":{"start":{"line":24,"column":94},"end":{"line":43,"column":1}}},"2":{"name":"(anonymous_2)","decl":{"start":{"line":46,"column":59},"end":{"line":46,"column":64}},"loc":{"start":{"line":46,"column":97},"end":{"line":76,"column":1}}},"3":{"name":"(anonymous_3)","decl":{"start":{"line":79,"column":62},"end":{"line":79,"column":67}},"loc":{"start":{"line":79,"column":100},"end":{"line":113,"column":1}}}},"branchMap":{"0":{"loc":{"start":{"line":27,"column":2},"end":{"line":29,"column":3}},"type":"if","locations":[{"start":{"line":27,"column":2},"end":{"line":29,"column":3}},{"start":{},"end":{}}]},"1":{"loc":{"start":{"line":27,"column":6},"end":{"line":27,"column":29}},"type":"binary-expr","locations":[{"start":{"line":27,"column":6},"end":{"line":27,"column":12}},{"start":{"line":27,"column":16},"end":{"line":27,"column":29}}]},"2":{"loc":{"start":{"line":36,"column":21},"end":{"line":36,"column":42}},"type":"binary-expr","locations":[{"start":{"line":36,"column":21},"end":{"line":36,"column":34}},{"start":{"line":36,"column":38},"end":{"line":36,"column":42}}]},"3":{"loc":{"start":{"line":48,"column":2},"end":{"line":50,"column":3}},"type":"if","locations":[{"start":{"line":48,"column":2},"end":{"line":50,"column":3}},{"start":{},"end":{}}]},"4":{"loc":{"start":{"line":54,"column":2},"end":{"line":56,"column":3}},"type":"if","locations":[{"start":{"line":54,"column":2},"end":{"line":56,"column":3}},{"start":{},"end":{}}]},"5":{"loc":{"start":{"line":54,"column":6},"end":{"line":54,"column":29}},"type":"binary-expr","locations":[{"start":{"line":54,"column":6},"end":{"line":54,"column":12}},{"start":{"line":54,"column":16},"end":{"line":54,"column":29}}]},"6":{"loc":{"start":{"line":64,"column":21},"end":{"line":64,"column":42}},"type":"binary-expr","locations":[{"start":{"line":64,"column":21},"end":{"line":64,"column":34}},{"start":{"line":64,"column":38},"end":{"line":64,"column":42}}]},"7":{"loc":{"start":{"line":67,"column":4},"end":{"line":69,"column":5}},"type":"if","locations":[{"start":{"line":67,"column":4},"end":{"line":69,"column":5}},{"start":{},"end":{}}]},"8":{"loc":{"start":{"line":81,"column":2},"end":{"line":83,"column":3}},"type":"if","locations":[{"start":{"line":81,"column":2},"end":{"line":83,"column":3}},{"start":{},"end":{}}]},"9":{"loc":{"start":{"line":92,"column":34},"end":{"line":92,"column":69}},"type":"binary-expr","locations":[{"start":{"line":92,"column":34},"end":{"line":92,"column":62}},{"start":{"line":92,"column":66},"end":{"line":92,"column":69}}]},"10":{"loc":{"start":{"line":93,"column":4},"end":{"line":97,"column":5}},"type":"if","locations":[{"start":{"line":93,"column":4},"end":{"line":97,"column":5}},{"start":{},"end":{}}]},"11":{"loc":{"start":{"line":104,"column":4},"end":{"line":106,"column":5}},"type":"if","locations":[{"start":{"line":104,"column":4},"end":{"line":106,"column":5}},{"start":{},"end":{}}]}},"s":{"0":0,"1":0,"2":0,"3":0,"4":0,"5":0,"6":0,"7":0,"8":0,"9":0,"10":0,"11":0,"12":0,"13":0,"14":0,"15":0,"16":0,"17":0,"18":0,"19":0,"20":0,"21":0,"22":0,"23":0,"24":0,"25":0,"26":0,"27":0,"28":0,"29":0,"30":0,"31":0,"32":0,"33":0,"34":0,"35":0,"36":0,"37":0,"38":0,"39":0,"40":0,"41":0,"42":0,"43":0,"44":0,"45":0,"46":0,"47":0,"48":0,"49":0},"f":{"0":0,"1":0,"2":0,"3":0},"b":{"0":[0,0],"1":[0,0],"2":[0,0],"3":[0,0],"4":[0,0],"5":[0,0],"6":[0,0],"7":[0,0],"8":[0,0],"9":[0,0],"10":[0,0],"11":[0,0]}}
,"D:\\FERI MAG\\RIRS\\WiiFit-fitnesapp\\backend\\src\\routes\\auth.ts": {"path":"D:\\FERI MAG\\RIRS\\WiiFit-fitnesapp\\backend\\src\\routes\\auth.ts","statementMap":{"0":{"start":{"line":1,"column":0},"end":{"line":1,"column":33}},"1":{"start":{"line":2,"column":0},"end":{"line":2,"column":72}},"2":{"start":{"line":3,"column":0},"end":{"line":3,"column":49}},"3":{"start":{"line":5,"column":19},"end":{"line":5,"column":27}},"4":{"start":{"line":7,"column":0},"end":{"line":7,"column":39}},"5":{"start":{"line":8,"column":0},"end":{"line":8,"column":33}},"6":{"start":{"line":9,"column":0},"end":{"line":9,"column":48}},"7":{"start":{"line":11,"column":0},"end":{"line":11,"column":26}}},"fnMap":{},"branchMap":{},"s":{"0":0,"1":0,"2":0,"3":0,"4":0,"5":0,"6":0,"7":0},"f":{},"b":{}}
,"D:\\FERI MAG\\RIRS\\WiiFit-fitnesapp\\backend\\src\\routes\\billing.ts": {"path":"D:\\FERI MAG\\RIRS\\WiiFit-fitnesapp\\backend\\src\\routes\\billing.ts","statementMap":{"0":{"start":{"line":70,"column":0},"end":{"line":70,"column":7}},"1":{"start":{"line":1,"column":0},"end":{"line":1,"column":52}},"2":{"start":{"line":2,"column":0},"end":{"line":2,"column":28}},"3":{"start":{"line":3,"column":0},"end":{"line":3,"column":49}},"4":{"start":{"line":4,"column":0},"end":{"line":4,"column":30}},"5":{"start":{"line":6,"column":26},"end":{"line":6,"column":55}},"6":{"start":{"line":7,"column":0},"end":{"line":9,"column":1}},"7":{"start":{"line":8,"column":2},"end":{"line":8,"column":104}},"8":{"start":{"line":10,"column":15},"end":{"line":10,"column":80}},"9":{"start":{"line":12,"column":22},"end":{"line":12,"column":30}},"10":{"start":{"line":15,"column":0},"end":{"line":65,"column":3}},"11":{"start":{"line":16,"column":2},"end":{"line":64,"column":3}},"12":{"start":{"line":17,"column":4},"end":{"line":17,"column":83}},"13":{"start":{"line":17,"column":17},"end":{"line":17,"column":83}},"14":{"start":{"line":18,"column":19},"end":{"line":18,"column":46}},"15":{"start":{"line":19,"column":33},"end":{"line":19,"column":83}},"16":{"start":{"line":20,"column":4},"end":{"line":20,"column":105}},"17":{"start":{"line":20,"column":30},"end":{"line":20,"column":105}},"18":{"start":{"line":23,"column":20},"end":{"line":25,"column":156}},"19":{"start":{"line":26,"column":17},"end":{"line":26,"column":32}},"20":{"start":{"line":27,"column":4},"end":{"line":27,"column":74}},"21":{"start":{"line":27,"column":15},"end":{"line":27,"column":74}},"22":{"start":{"line":28,"column":4},"end":{"line":28,"column":128}},"23":{"start":{"line":28,"column":31},"end":{"line":28,"column":128}},"24":{"start":{"line":31,"column":20},"end":{"line":31,"column":193}},"25":{"start":{"line":32,"column":17},"end":{"line":32,"column":32}},"26":{"start":{"line":33,"column":4},"end":{"line":33,"column":74}},"27":{"start":{"line":33,"column":15},"end":{"line":33,"column":74}},"28":{"start":{"line":35,"column":21},"end":{"line":35,"column":44}},"29":{"start":{"line":36,"column":4},"end":{"line":44,"column":5}},"30":{"start":{"line":37,"column":23},"end":{"line":41,"column":8}},"31":{"start":{"line":42,"column":6},"end":{"line":42,"column":31}},"32":{"start":{"line":43,"column":6},"end":{"line":43,"column":98}},"33":{"start":{"line":46,"column":20},"end":{"line":46,"column":71}},"34":{"start":{"line":47,"column":20},"end":{"line":58,"column":6}},"35":{"start":{"line":60,"column":4},"end":{"line":60,"column":54}},"36":{"start":{"line":62,"column":4},"end":{"line":62,"column":66}},"37":{"start":{"line":63,"column":4},"end":{"line":63,"column":82}},"38":{"start":{"line":67,"column":0},"end":{"line":67,"column":29}},"39":{"start":{"line":71,"column":2},"end":{"line":204,"column":3}},"40":{"start":{"line":72,"column":16},"end":{"line":72,"column":47}},"41":{"start":{"line":73,"column":21},"end":{"line":73,"column":54}},"42":{"start":{"line":74,"column":4},"end":{"line":74,"column":92}},"43":{"start":{"line":74,"column":38},"end":{"line":74,"column":92}},"44":{"start":{"line":75,"column":21},"end":{"line":75,"column":61}},"45":{"start":{"line":77,"column":4},"end":{"line":82,"column":5}},"46":{"start":{"line":78,"column":6},"end":{"line":78,"column":79}},"47":{"start":{"line":80,"column":6},"end":{"line":80,"column":84}},"48":{"start":{"line":81,"column":6},"end":{"line":81,"column":67}},"49":{"start":{"line":84,"column":4},"end":{"line":199,"column":5}},"50":{"start":{"line":86,"column":24},"end":{"line":86,"column":68}},"51":{"start":{"line":87,"column":31},"end":{"line":87,"column":68}},"52":{"start":{"line":88,"column":27},"end":{"line":88,"column":60}},"53":{"start":{"line":89,"column":23},"end":{"line":89,"column":93}},"54":{"start":{"line":90,"column":23},"end":{"line":90,"column":93}},"55":{"start":{"line":91,"column":8},"end":{"line":109,"column":9}},"56":{"start":{"line":92,"column":10},"end":{"line":98,"column":13}},"57":{"start":{"line":100,"column":10},"end":{"line":108,"column":13}},"58":{"start":{"line":110,"column":8},"end":{"line":110,"column":14}},"59":{"start":{"line":114,"column":20},"end":{"line":114,"column":60}},"60":{"start":{"line":115,"column":27},"end":{"line":115,"column":93}},"61":{"start":{"line":116,"column":23},"end":{"line":116,"column":33}},"62":{"start":{"line":117,"column":23},"end":{"line":117,"column":149}},"63":{"start":{"line":118,"column":8},"end":{"line":122,"column":11}},"64":{"start":{"line":123,"column":24},"end":{"line":123,"column":119}},"65":{"start":{"line":124,"column":18},"end":{"line":124,"column":33}},"66":{"start":{"line":125,"column":8},"end":{"line":133,"column":9}},"67":{"start":{"line":126,"column":10},"end":{"line":132,"column":13}},"68":{"start":{"line":134,"column":8},"end":{"line":134,"column":14}},"69":{"start":{"line":137,"column":20},"end":{"line":137,"column":60}},"70":{"start":{"line":138,"column":27},"end":{"line":138,"column":93}},"71":{"start":{"line":139,"column":8},"end":{"line":142,"column":11}},"72":{"start":{"line":143,"column":24},"end":{"line":143,"column":119}},"73":{"start":{"line":144,"column":18},"end":{"line":144,"column":33}},"74":{"start":{"line":145,"column":8},"end":{"line":153,"column":9}},"75":{"start":{"line":146,"column":10},"end":{"line":152,"column":13}},"76":{"start":{"line":154,"column":8},"end":{"line":154,"column":14}},"77":{"start":{"line":157,"column":24},"end":{"line":157,"column":59}},"78":{"start":{"line":158,"column":27},"end":{"line":158,"column":105}},"79":{"start":{"line":159,"column":8},"end":{"line":162,"column":11}},"80":{"start":{"line":163,"column":24},"end":{"line":163,"column":119}},"81":{"start":{"line":164,"column":18},"end":{"line":164,"column":33}},"82":{"start":{"line":165,"column":8},"end":{"line":175,"column":9}},"83":{"start":{"line":166,"column":10},"end":{"line":174,"column":13}},"84":{"start":{"line":176,"column":8},"end":{"line":176,"column":14}},"85":{"start":{"line":179,"column":24},"end":{"line":179,"column":59}},"86":{"start":{"line":180,"column":27},"end":{"line":180,"column":105}},"87":{"start":{"line":181,"column":24},"end":{"line":181,"column":119}},"88":{"start":{"line":182,"column":18},"end":{"line":182,"column":33}},"89":{"start":{"line":183,"column":8},"end":{"line":193,"column":9}},"90":{"start":{"line":184,"column":10},"end":{"line":192,"column":13}},"91":{"start":{"line":194,"column":8},"end":{"line":194,"column":14}},"92":{"start":{"line":198,"column":8},"end":{"line":198,"column":14}},"93":{"start":{"line":200,"column":4},"end":{"line":200,"column":33}},"94":{"start":{"line":202,"column":4},"end":{"line":202,"column":57}},"95":{"start":{"line":203,"column":4},"end":{"line":203,"column":50}},"96":{"start":{"line":208,"column":2},"end":{"line":238,"column":5}},"97":{"start":{"line":209,"column":4},"end":{"line":237,"column":5}},"98":{"start":{"line":210,"column":6},"end":{"line":210,"column":85}},"99":{"start":{"line":210,"column":19},"end":{"line":210,"column":85}},"100":{"start":{"line":211,"column":21},"end":{"line":211,"column":48}},"101":{"start":{"line":212,"column":20},"end":{"line":212,"column":93}},"102":{"start":{"line":213,"column":22},"end":{"line":213,"column":144}},"103":{"start":{"line":214,"column":16},"end":{"line":214,"column":31}},"104":{"start":{"line":215,"column":6},"end":{"line":215,"column":120}},"105":{"start":{"line":215,"column":43},"end":{"line":215,"column":120}},"106":{"start":{"line":217,"column":6},"end":{"line":221,"column":7}},"107":{"start":{"line":218,"column":8},"end":{"line":218,"column":78}},"108":{"start":{"line":220,"column":8},"end":{"line":220,"column":110}},"109":{"start":{"line":222,"column":21},"end":{"line":222,"column":187}},"110":{"start":{"line":224,"column":24},"end":{"line":224,"column":66}},"111":{"start":{"line":225,"column":6},"end":{"line":225,"column":116}},"112":{"start":{"line":226,"column":6},"end":{"line":232,"column":9}},"113":{"start":{"line":233,"column":6},"end":{"line":233,"column":79}},"114":{"start":{"line":235,"column":6},"end":{"line":235,"column":64}},"115":{"start":{"line":236,"column":6},"end":{"line":236,"column":73}}},"fnMap":{"0":{"name":"(anonymous_1)","decl":{"start":{"line":15,"column":60},"end":{"line":15,"column":65}},"loc":{"start":{"line":15,"column":98},"end":{"line":65,"column":1}}},"1":{"name":"stripeWebhookHandler","decl":{"start":{"line":70,"column":22},"end":{"line":70,"column":42}},"loc":{"start":{"line":70,"column":70},"end":{"line":205,"column":1}}},"2":{"name":"(anonymous_3)","decl":{"start":{"line":208,"column":58},"end":{"line":208,"column":63}},"loc":{"start":{"line":208,"column":96},"end":{"line":238,"column":3}}}},"branchMap":{"0":{"loc":{"start":{"line":7,"column":0},"end":{"line":9,"column":1}},"type":"if","locations":[{"start":{"line":7,"column":0},"end":{"line":9,"column":1}},{"start":{},"end":{}}]},"1":{"loc":{"start":{"line":10,"column":15},"end":{"line":10,"column":80}},"type":"cond-expr","locations":[{"start":{"line":10,"column":35},"end":{"line":10,"column":64}},{"start":{"line":10,"column":68},"end":{"line":10,"column":80}}]},"2":{"loc":{"start":{"line":17,"column":4},"end":{"line":17,"column":83}},"type":"if","locations":[{"start":{"line":17,"column":4},"end":{"line":17,"column":83}},{"start":{},"end":{}}]},"3":{"loc":{"start":{"line":20,"column":4},"end":{"line":20,"column":105}},"type":"if","locations":[{"start":{"line":20,"column":4},"end":{"line":20,"column":105}},{"start":{},"end":{}}]},"4":{"loc":{"start":{"line":20,"column":8},"end":{"line":20,"column":28}},"type":"binary-expr","locations":[{"start":{"line":20,"column":8},"end":{"line":20,"column":15}},{"start":{"line":20,"column":19},"end":{"line":20,"column":28}}]},"5":{"loc":{"start":{"line":23,"column":20},"end":{"line":25,"column":156}},"type":"cond-expr","locations":[{"start":{"line":24,"column":8},"end":{"line":24,"column":152}},{"start":{"line":25,"column":8},"end":{"line":25,"column":156}}]},"6":{"loc":{"start":{"line":27,"column":4},"end":{"line":27,"column":74}},"type":"if","locations":[{"start":{"line":27,"column":4},"end":{"line":27,"column":74}},{"start":{},"end":{}}]},"7":{"loc":{"start":{"line":28,"column":4},"end":{"line":28,"column":128}},"type":"if","locations":[{"start":{"line":28,"column":4},"end":{"line":28,"column":128}},{"start":{},"end":{}}]},"8":{"loc":{"start":{"line":33,"column":4},"end":{"line":33,"column":74}},"type":"if","locations":[{"start":{"line":33,"column":4},"end":{"line":33,"column":74}},{"start":{},"end":{}}]},"9":{"loc":{"start":{"line":36,"column":4},"end":{"line":44,"column":5}},"type":"if","locations":[{"start":{"line":36,"column":4},"end":{"line":44,"column":5}},{"start":{},"end":{}}]},"10":{"loc":{"start":{"line":39,"column":14},"end":{"line":39,"column":41}},"type":"binary-expr","locations":[{"start":{"line":39,"column":14},"end":{"line":39,"column":28}},{"start":{"line":39,"column":32},"end":{"line":39,"column":41}}]},"11":{"loc":{"start":{"line":46,"column":20},"end":{"line":46,"column":71}},"type":"binary-expr","locations":[{"start":{"line":46,"column":20},"end":{"line":46,"column":44}},{"start":{"line":46,"column":48},"end":{"line":46,"column":71}}]},"12":{"loc":{"start":{"line":74,"column":4},"end":{"line":74,"column":92}},"type":"if","locations":[{"start":{"line":74,"column":4},"end":{"line":74,"column":92}},{"start":{},"end":{}}]},"13":{"loc":{"start":{"line":74,"column":8},"end":{"line":74,"column":36}},"type":"binary-expr","locations":[{"start":{"line":74,"column":8},"end":{"line":74,"column":12}},{"start":{"line":74,"column":16},"end":{"line":74,"column":25}},{"start":{"line":74,"column":29},"end":{"line":74,"column":36}}]},"14":{"loc":{"start":{"line":75,"column":21},"end":{"line":75,"column":61}},"type":"binary-expr","locations":[{"start":{"line":75,"column":21},"end":{"line":75,"column":40}},{"start":{"line":75,"column":45},"end":{"line":75,"column":61}}]},"15":{"loc":{"start":{"line":84,"column":4},"end":{"line":199,"column":5}},"type":"switch","locations":[{"start":{"line":85,"column":6},"end":{"line":111,"column":7}},{"start":{"line":112,"column":6},"end":{"line":112,"column":43}},{"start":{"line":113,"column":6},"end":{"line":135,"column":7}},{"start":{"line":136,"column":6},"end":{"line":155,"column":7}},{"start":{"line":156,"column":6},"end":{"line":177,"column":7}},{"start":{"line":178,"column":6},"end":{"line":195,"column":7}},{"start":{"line":196,"column":6},"end":{"line":198,"column":14}}]},"16":{"loc":{"start":{"line":89,"column":23},"end":{"line":89,"column":93}},"type":"cond-expr","locations":[{"start":{"line":89,"column":50},"end":{"line":89,"column":81}},{"start":{"line":89,"column":84},"end":{"line":89,"column":93}}]},"17":{"loc":{"start":{"line":90,"column":23},"end":{"line":90,"column":93}},"type":"cond-expr","locations":[{"start":{"line":90,"column":50},"end":{"line":90,"column":81}},{"start":{"line":90,"column":84},"end":{"line":90,"column":93}}]},"18":{"loc":{"start":{"line":91,"column":8},"end":{"line":109,"column":9}},"type":"if","locations":[{"start":{"line":91,"column":8},"end":{"line":109,"column":9}},{"start":{},"end":{}}]},"19":{"loc":{"start":{"line":91,"column":12},"end":{"line":91,"column":32}},"type":"binary-expr","locations":[{"start":{"line":91,"column":12},"end":{"line":91,"column":18}},{"start":{"line":91,"column":22},"end":{"line":91,"column":32}}]},"20":{"loc":{"start":{"line":95,"column":12},"end":{"line":95,"column":26}},"type":"binary-expr","locations":[{"start":{"line":95,"column":12},"end":{"line":95,"column":18}},{"start":{"line":95,"column":22},"end":{"line":95,"column":26}}]},"21":{"loc":{"start":{"line":104,"column":12},"end":{"line":104,"column":40}},"type":"binary-expr","locations":[{"start":{"line":104,"column":12},"end":{"line":104,"column":26}},{"start":{"line":104,"column":30},"end":{"line":104,"column":40}}]},"22":{"loc":{"start":{"line":105,"column":12},"end":{"line":105,"column":68}},"type":"cond-expr","locations":[{"start":{"line":105,"column":35},"end":{"line":105,"column":61}},{"start":{"line":105,"column":64},"end":{"line":105,"column":68}}]},"23":{"loc":{"start":{"line":106,"column":12},"end":{"line":106,"column":58}},"type":"binary-expr","locations":[{"start":{"line":106,"column":12},"end":{"line":106,"column":50}},{"start":{"line":106,"column":54},"end":{"line":106,"column":58}}]},"24":{"loc":{"start":{"line":106,"column":13},"end":{"line":106,"column":35}},"type":"binary-expr","locations":[{"start":{"line":106,"column":13},"end":{"line":106,"column":29}},{"start":{"line":106,"column":33},"end":{"line":106,"column":35}}]},"25":{"loc":{"start":{"line":115,"column":27},"end":{"line":115,"column":93}},"type":"cond-expr","locations":[{"start":{"line":115,"column":62},"end":{"line":115,"column":74}},{"start":{"line":115,"column":77},"end":{"line":115,"column":93}}]},"26":{"loc":{"start":{"line":117,"column":23},"end":{"line":117,"column":149}},"type":"cond-expr","locations":[{"start":{"line":117,"column":70},"end":{"line":117,"column":78}},{"start":{"line":117,"column":82},"end":{"line":117,"column":148}}]},"27":{"loc":{"start":{"line":117,"column":23},"end":{"line":117,"column":67}},"type":"binary-expr","locations":[{"start":{"line":117,"column":23},"end":{"line":117,"column":42}},{"start":{"line":117,"column":46},"end":{"line":117,"column":67}}]},"28":{"loc":{"start":{"line":117,"column":82},"end":{"line":117,"column":148}},"type":"cond-expr","locations":[{"start":{"line":117,"column":129},"end":{"line":117,"column":139}},{"start":{"line":117,"column":142},"end":{"line":117,"column":148}}]},"29":{"loc":{"start":{"line":117,"column":82},"end":{"line":117,"column":126}},"type":"binary-expr","locations":[{"start":{"line":117,"column":82},"end":{"line":117,"column":103}},{"start":{"line":117,"column":107},"end":{"line":117,"column":126}}]},"30":{"loc":{"start":{"line":125,"column":8},"end":{"line":133,"column":9}},"type":"if","locations":[{"start":{"line":125,"column":8},"end":{"line":133,"column":9}},{"start":{},"end":{}}]},"31":{"loc":{"start":{"line":138,"column":27},"end":{"line":138,"column":93}},"type":"cond-expr","locations":[{"start":{"line":138,"column":62},"end":{"line":138,"column":74}},{"start":{"line":138,"column":77},"end":{"line":138,"column":93}}]},"32":{"loc":{"start":{"line":145,"column":8},"end":{"line":153,"column":9}},"type":"if","locations":[{"start":{"line":145,"column":8},"end":{"line":153,"column":9}},{"start":{},"end":{}}]},"33":{"loc":{"start":{"line":158,"column":27},"end":{"line":158,"column":105}},"type":"cond-expr","locations":[{"start":{"line":158,"column":66},"end":{"line":158,"column":82}},{"start":{"line":158,"column":85},"end":{"line":158,"column":105}}]},"34":{"loc":{"start":{"line":165,"column":8},"end":{"line":175,"column":9}},"type":"if","locations":[{"start":{"line":165,"column":8},"end":{"line":175,"column":9}},{"start":{},"end":{}}]},"35":{"loc":{"start":{"line":171,"column":12},"end":{"line":171,"column":54}},"type":"cond-expr","locations":[{"start":{"line":171,"column":28},"end":{"line":171,"column":47}},{"start":{"line":171,"column":50},"end":{"line":171,"column":54}}]},"36":{"loc":{"start":{"line":172,"column":12},"end":{"line":172,"column":58}},"type":"binary-expr","locations":[{"start":{"line":172,"column":12},"end":{"line":172,"column":50}},{"start":{"line":172,"column":54},"end":{"line":172,"column":58}}]},"37":{"loc":{"start":{"line":172,"column":13},"end":{"line":172,"column":35}},"type":"binary-expr","locations":[{"start":{"line":172,"column":13},"end":{"line":172,"column":29}},{"start":{"line":172,"column":33},"end":{"line":172,"column":35}}]},"38":{"loc":{"start":{"line":180,"column":27},"end":{"line":180,"column":105}},"type":"cond-expr","locations":[{"start":{"line":180,"column":66},"end":{"line":180,"column":82}},{"start":{"line":180,"column":85},"end":{"line":180,"column":105}}]},"39":{"loc":{"start":{"line":183,"column":8},"end":{"line":193,"column":9}},"type":"if","locations":[{"start":{"line":183,"column":8},"end":{"line":193,"column":9}},{"start":{},"end":{}}]},"40":{"loc":{"start":{"line":189,"column":12},"end":{"line":189,"column":54}},"type":"cond-expr","locations":[{"start":{"line":189,"column":28},"end":{"line":189,"column":47}},{"start":{"line":189,"column":50},"end":{"line":189,"column":54}}]},"41":{"loc":{"start":{"line":190,"column":12},"end":{"line":190,"column":58}},"type":"binary-expr","locations":[{"start":{"line":190,"column":12},"end":{"line":190,"column":50}},{"start":{"line":190,"column":54},"end":{"line":190,"column":58}}]},"42":{"loc":{"start":{"line":190,"column":13},"end":{"line":190,"column":35}},"type":"binary-expr","locations":[{"start":{"line":190,"column":13},"end":{"line":190,"column":29}},{"start":{"line":190,"column":33},"end":{"line":190,"column":35}}]},"43":{"loc":{"start":{"line":210,"column":6},"end":{"line":210,"column":85}},"type":"if","locations":[{"start":{"line":210,"column":6},"end":{"line":210,"column":85}},{"start":{},"end":{}}]},"44":{"loc":{"start":{"line":212,"column":20},"end":{"line":212,"column":93}},"type":"binary-expr","locations":[{"start":{"line":212,"column":20},"end":{"line":212,"column":77}},{"start":{"line":212,"column":81},"end":{"line":212,"column":93}}]},"45":{"loc":{"start":{"line":215,"column":6},"end":{"line":215,"column":120}},"type":"if","locations":[{"start":{"line":215,"column":6},"end":{"line":215,"column":120}},{"start":{},"end":{}}]},"46":{"loc":{"start":{"line":215,"column":10},"end":{"line":215,"column":41}},"type":"binary-expr","locations":[{"start":{"line":215,"column":10},"end":{"line":215,"column":12}},{"start":{"line":215,"column":16},"end":{"line":215,"column":41}}]},"47":{"loc":{"start":{"line":217,"column":6},"end":{"line":221,"column":7}},"type":"if","locations":[{"start":{"line":217,"column":6},"end":{"line":221,"column":7}},{"start":{"line":219,"column":13},"end":{"line":221,"column":7}}]},"48":{"loc":{"start":{"line":222,"column":21},"end":{"line":222,"column":187}},"type":"cond-expr","locations":[{"start":{"line":222,"column":84},"end":{"line":222,"column":92}},{"start":{"line":222,"column":96},"end":{"line":222,"column":186}}]},"49":{"loc":{"start":{"line":222,"column":21},"end":{"line":222,"column":81}},"type":"binary-expr","locations":[{"start":{"line":222,"column":21},"end":{"line":222,"column":48}},{"start":{"line":222,"column":52},"end":{"line":222,"column":81}}]},"50":{"loc":{"start":{"line":222,"column":96},"end":{"line":222,"column":186}},"type":"cond-expr","locations":[{"start":{"line":222,"column":159},"end":{"line":222,"column":169}},{"start":{"line":222,"column":172},"end":{"line":222,"column":186}}]},"51":{"loc":{"start":{"line":222,"column":96},"end":{"line":222,"column":156}},"type":"binary-expr","locations":[{"start":{"line":222,"column":96},"end":{"line":222,"column":125}},{"start":{"line":222,"column":129},"end":{"line":222,"column":156}}]},"52":{"loc":{"start":{"line":224,"column":24},"end":{"line":224,"column":66}},"type":"cond-expr","locations":[{"start":{"line":224,"column":47},"end":{"line":224,"column":57}},{"start":{"line":224,"column":60},"end":{"line":224,"column":66}}]},"53":{"loc":{"start":{"line":228,"column":8},"end":{"line":228,"column":107}},"type":"cond-expr","locations":[{"start":{"line":228,"column":31},"end":{"line":228,"column":69}},{"start":{"line":228,"column":72},"end":{"line":228,"column":107}}]}},"s":{"0":0,"1":0,"2":0,"3":0,"4":0,"5":0,"6":0,"7":0,"8":0,"9":0,"10":0,"11":0,"12":0,"13":0,"14":0,"15":0,"16":0,"17":0,"18":0,"19":0,"20":0,"21":0,"22":0,"23":0,"24":0,"25":0,"26":0,"27":0,"28":0,"29":0,"30":0,"31":0,"32":0,"33":0,"34":0,"35":0,"36":0,"37":0,"38":0,"39":0,"40":0,"41":0,"42":0,"43":0,"44":0,"45":0,"46":0,"47":0,"48":0,"49":0,"50":0,"51":0,"52":0,"53":0,"54":0,"55":0,"56":0,"57":0,"58":0,"59":0,"60":0,"61":0,"62":0,"63":0,"64":0,"65":0,"66":0,"67":0,"68":0,"69":0,"70":0,"71":0,"72":0,"73":0,"74":0,"75":0,"76":0,"77":0,"78":0,"79":0,"80":0,"81":0,"82":0,"83":0,"84":0,"85":0,"86":0,"87":0,"88":0,"89":0,"90":0,"91":0,"92":0,"93":0,"94":0,"95":0,"96":0,"97":0,"98":0,"99":0,"100":0,"101":0,"102":0,"103":0,"104":0,"105":0,"106":0,"107":0,"108":0,"109":0,"110":0,"111":0,"112":0,"113":0,"114":0,"115":0},"f":{"0":0,"1":0,"2":0},"b":{"0":[0,0],"1":[0,0],"2":[0,0],"3":[0,0],"4":[0,0],"5":[0,0],"6":[0,0],"7":[0,0],"8":[0,0],"9":[0,0],"10":[0,0],"11":[0,0],"12":[0,0],"13":[0,0,0],"14":[0,0],"15":[0,0,0,0,0,0,0],"16":[0,0],"17":[0,0],"18":[0,0],"19":[0,0],"20":[0,0],"21":[0,0],"22":[0,0],"23":[0,0],"24":[0,0],"25":[0,0],"26":[0,0],"27":[0,0],"28":[0,0],"29":[0,0],"30":[0,0],"31":[0,0],"32":[0,0],"33":[0,0],"34":[0,0],"35":[0,0],"36":[0,0],"37":[0,0],"38":[0,0],"39":[0,0],"40":[0,0],"41":[0,0],"42":[0,0],"43":[0,0],"44":[0,0],"45":[0,0],"46":[0,0],"47":[0,0],"48":[0,0],"49":[0,0],"50":[0,0],"51":[0,0],"52":[0,0],"53":[0,0]}}
,"D:\\FERI MAG\\RIRS\\WiiFit-fitnesapp\\backend\\src\\routes\\index.ts": {"path":"D:\\FERI MAG\\RIRS\\WiiFit-fitnesapp\\backend\\src\\routes\\index.ts","statementMap":{"0":{"start":{"line":1,"column":0},"end":{"line":1,"column":33}},"1":{"start":{"line":2,"column":0},"end":{"line":2,"column":32}},"2":{"start":{"line":3,"column":0},"end":{"line":3,"column":42}},"3":{"start":{"line":4,"column":0},"end":{"line":4,"column":36}},"4":{"start":{"line":5,"column":0},"end":{"line":5,"column":38}},"5":{"start":{"line":6,"column":0},"end":{"line":6,"column":40}},"6":{"start":{"line":7,"column":0},"end":{"line":7,"column":34}},"7":{"start":{"line":9,"column":15},"end":{"line":9,"column":23}},"8":{"start":{"line":11,"column":0},"end":{"line":11,"column":32}},"9":{"start":{"line":12,"column":0},"end":{"line":12,"column":42}},"10":{"start":{"line":13,"column":0},"end":{"line":13,"column":36}},"11":{"start":{"line":14,"column":0},"end":{"line":14,"column":38}},"12":{"start":{"line":15,"column":0},"end":{"line":15,"column":40}},"13":{"start":{"line":16,"column":0},"end":{"line":16,"column":34}},"14":{"start":{"line":18,"column":0},"end":{"line":18,"column":22}}},"fnMap":{},"branchMap":{},"s":{"0":0,"1":0,"2":0,"3":0,"4":0,"5":0,"6":0,"7":0,"8":0,"9":0,"10":0,"11":0,"12":0,"13":0,"14":0},"f":{},"b":{}}
,"D:\\FERI MAG\\RIRS\\WiiFit-fitnesapp\\backend\\src\\routes\\protected.ts": {"path":"D:\\FERI MAG\\RIRS\\WiiFit-fitnesapp\\backend\\src\\routes\\protected.ts","statementMap":{"0":{"start":{"line":1,"column":0},"end":{"line":1,"column":52}},"1":{"start":{"line":2,"column":0},"end":{"line":2,"column":49}},"2":{"start":{"line":3,"column":0},"end":{"line":3,"column":30}},"3":{"start":{"line":6,"column":24},"end":{"line":6,"column":32}},"4":{"start":{"line":8,"column":0},"end":{"line":30,"column":3}},"5":{"start":{"line":9,"column":17},"end":{"line":9,"column":56}},"6":{"start":{"line":10,"column":2},"end":{"line":10,"column":72}},"7":{"start":{"line":10,"column":15},"end":{"line":10,"column":72}},"8":{"start":{"line":12,"column":17},"end":{"line":20,"column":null}},"9":{"start":{"line":22,"column":2},"end":{"line":22,"column":91}},"10":{"start":{"line":22,"column":32},"end":{"line":22,"column":91}},"11":{"start":{"line":24,"column":14},"end":{"line":24,"column":35}},"12":{"start":{"line":25,"column":87},"end":{"line":25,"column":90}},"13":{"start":{"line":26,"column":15},"end":{"line":28,"column":10}},"14":{"start":{"line":29,"column":2},"end":{"line":29,"column":27}},"15":{"start":{"line":32,"column":0},"end":{"line":32,"column":31}},"16":{"start":{"line":34,"column":0},"end":{"line":75,"column":3}},"17":{"start":{"line":35,"column":17},"end":{"line":35,"column":44}},"18":{"start":{"line":36,"column":23},"end":{"line":36,"column":66}},"19":{"start":{"line":37,"column":14},"end":{"line":37,"column":16}},"20":{"start":{"line":38,"column":24},"end":{"line":38,"column":26}},"21":{"start":{"line":39,"column":2},"end":{"line":42,"column":3}},"22":{"start":{"line":40,"column":4},"end":{"line":40,"column":46}},"23":{"start":{"line":41,"column":4},"end":{"line":41,"column":81}},"24":{"start":{"line":43,"column":2},"end":{"line":46,"column":3}},"25":{"start":{"line":44,"column":4},"end":{"line":44,"column":44}},"26":{"start":{"line":45,"column":4},"end":{"line":45,"column":81}},"27":{"start":{"line":47,"column":2},"end":{"line":74,"column":3}},"28":{"start":{"line":48,"column":16},"end":{"line":68,"column":6}},"29":{"start":{"line":69,"column":19},"end":{"line":69,"column":56}},"30":{"start":{"line":70,"column":4},"end":{"line":70,"column":40}},"31":{"start":{"line":72,"column":4},"end":{"line":72,"column":53}},"32":{"start":{"line":73,"column":4},"end":{"line":73,"column":65}},"33":{"start":{"line":78,"column":0},"end":{"line":107,"column":3}},"34":{"start":{"line":79,"column":17},"end":{"line":79,"column":56}},"35":{"start":{"line":80,"column":2},"end":{"line":80,"column":72}},"36":{"start":{"line":80,"column":15},"end":{"line":80,"column":72}},"37":{"start":{"line":81,"column":31},"end":{"line":81,"column":81}},"38":{"start":{"line":82,"column":2},"end":{"line":84,"column":3}},"39":{"start":{"line":83,"column":4},"end":{"line":83,"column":79}},"40":{"start":{"line":85,"column":2},"end":{"line":106,"column":3}},"41":{"start":{"line":87,"column":55},"end":{"line":87,"column":59}},"42":{"start":{"line":88,"column":4},"end":{"line":94,"column":5}},"43":{"start":{"line":89,"column":16},"end":{"line":89,"column":111}},"44":{"start":{"line":90,"column":6},"end":{"line":90,"column":34}},"45":{"start":{"line":91,"column":11},"end":{"line":94,"column":5}},"46":{"start":{"line":92,"column":16},"end":{"line":92,"column":115}},"47":{"start":{"line":93,"column":6},"end":{"line":93,"column":34}},"48":{"start":{"line":95,"column":4},"end":{"line":95,"column":77}},"49":{"start":{"line":95,"column":18},"end":{"line":95,"column":77}},"50":{"start":{"line":97,"column":4},"end":{"line":100,"column":6}},"51":{"start":{"line":102,"column":4},"end":{"line":102,"column":74}},"52":{"start":{"line":104,"column":4},"end":{"line":104,"column":59}},"53":{"start":{"line":105,"column":4},"end":{"line":105,"column":76}},"54":{"start":{"line":110,"column":0},"end":{"line":152,"column":3}},"55":{"start":{"line":111,"column":17},"end":{"line":111,"column":44}},"56":{"start":{"line":112,"column":20},"end":{"line":112,"column":41}},"57":{"start":{"line":113,"column":2},"end":{"line":113,"column":87}},"58":{"start":{"line":113,"column":24},"end":{"line":113,"column":87}},"59":{"start":{"line":114,"column":2},"end":{"line":151,"column":3}},"60":{"start":{"line":116,"column":14},"end":{"line":125,"column":null}},"61":{"start":{"line":127,"column":14},"end":{"line":127,"column":23}},"62":{"start":{"line":128,"column":4},"end":{"line":128,"column":74}},"63":{"start":{"line":128,"column":12},"end":{"line":128,"column":74}},"64":{"start":{"line":129,"column":4},"end":{"line":129,"column":113}},"65":{"start":{"line":129,"column":44},"end":{"line":129,"column":113}},"66":{"start":{"line":130,"column":4},"end":{"line":130,"column":95}},"67":{"start":{"line":130,"column":38},"end":{"line":130,"column":95}},"68":{"start":{"line":132,"column":28},"end":{"line":134,"column":null}},"69":{"start":{"line":136,"column":4},"end":{"line":146,"column":5}},"70":{"start":{"line":137,"column":22},"end":{"line":137,"column":79}},"71":{"start":{"line":138,"column":6},"end":{"line":140,"column":7}},"72":{"start":{"line":139,"column":8},"end":{"line":139,"column":67}},"73":{"start":{"line":142,"column":6},"end":{"line":142,"column":87}},"74":{"start":{"line":145,"column":6},"end":{"line":145,"column":123}},"75":{"start":{"line":147,"column":4},"end":{"line":147,"column":36}},"76":{"start":{"line":149,"column":4},"end":{"line":149,"column":52}},"77":{"start":{"line":150,"column":4},"end":{"line":150,"column":64}},"78":{"start":{"line":155,"column":0},"end":{"line":176,"column":3}},"79":{"start":{"line":156,"column":17},"end":{"line":156,"column":44}},"80":{"start":{"line":157,"column":20},"end":{"line":157,"column":41}},"81":{"start":{"line":158,"column":2},"end":{"line":158,"column":87}},"82":{"start":{"line":158,"column":24},"end":{"line":158,"column":87}},"83":{"start":{"line":159,"column":2},"end":{"line":175,"column":3}},"84":{"start":{"line":161,"column":14},"end":{"line":165,"column":null}},"85":{"start":{"line":167,"column":14},"end":{"line":167,"column":23}},"86":{"start":{"line":168,"column":4},"end":{"line":168,"column":74}},"87":{"start":{"line":168,"column":12},"end":{"line":168,"column":74}},"88":{"start":{"line":169,"column":4},"end":{"line":169,"column":115}},"89":{"start":{"line":169,"column":44},"end":{"line":169,"column":115}},"90":{"start":{"line":170,"column":4},"end":{"line":170,"column":156}},"91":{"start":{"line":171,"column":4},"end":{"line":171,"column":38}},"92":{"start":{"line":173,"column":4},"end":{"line":173,"column":54}},"93":{"start":{"line":174,"column":4},"end":{"line":174,"column":66}},"94":{"start":{"line":179,"column":0},"end":{"line":216,"column":3}},"95":{"start":{"line":180,"column":17},"end":{"line":180,"column":44}},"96":{"start":{"line":181,"column":2},"end":{"line":215,"column":3}},"97":{"start":{"line":182,"column":26},"end":{"line":192,"column":null}},"98":{"start":{"line":195,"column":28},"end":{"line":205,"column":null}},"99":{"start":{"line":208,"column":4},"end":{"line":211,"column":7}},"100":{"start":{"line":213,"column":4},"end":{"line":213,"column":43}},"101":{"start":{"line":214,"column":4},"end":{"line":214,"column":65}},"102":{"start":{"line":219,"column":0},"end":{"line":236,"column":3}},"103":{"start":{"line":220,"column":17},"end":{"line":220,"column":56}},"104":{"start":{"line":221,"column":2},"end":{"line":221,"column":72}},"105":{"start":{"line":221,"column":15},"end":{"line":221,"column":72}},"106":{"start":{"line":222,"column":2},"end":{"line":235,"column":3}},"107":{"start":{"line":223,"column":19},"end":{"line":229,"column":null}},"108":{"start":{"line":231,"column":4},"end":{"line":231,"column":38}},"109":{"start":{"line":233,"column":4},"end":{"line":233,"column":63}},"110":{"start":{"line":234,"column":4},"end":{"line":234,"column":75}}},"fnMap":{"0":{"name":"(anonymous_0)","decl":{"start":{"line":8,"column":40},"end":{"line":8,"column":45}},"loc":{"start":{"line":8,"column":79},"end":{"line":30,"column":1}}},"1":{"name":"(anonymous_1)","decl":{"start":{"line":34,"column":46},"end":{"line":34,"column":51}},"loc":{"start":{"line":34,"column":84},"end":{"line":75,"column":1}}},"2":{"name":"(anonymous_2)","decl":{"start":{"line":78,"column":53},"end":{"line":78,"column":58}},"loc":{"start":{"line":78,"column":91},"end":{"line":107,"column":1}}},"3":{"name":"(anonymous_3)","decl":{"start":{"line":110,"column":56},"end":{"line":110,"column":61}},"loc":{"start":{"line":110,"column":94},"end":{"line":152,"column":1}}},"4":{"name":"(anonymous_4)","decl":{"start":{"line":155,"column":58},"end":{"line":155,"column":63}},"loc":{"start":{"line":155,"column":96},"end":{"line":176,"column":1}}},"5":{"name":"(anonymous_5)","decl":{"start":{"line":179,"column":46},"end":{"line":179,"column":51}},"loc":{"start":{"line":179,"column":85},"end":{"line":216,"column":1}}},"6":{"name":"(anonymous_6)","decl":{"start":{"line":219,"column":56},"end":{"line":219,"column":61}},"loc":{"start":{"line":219,"column":95},"end":{"line":236,"column":1}}}},"branchMap":{"0":{"loc":{"start":{"line":10,"column":2},"end":{"line":10,"column":72}},"type":"if","locations":[{"start":{"line":10,"column":2},"end":{"line":10,"column":72}},{"start":{},"end":{}}]},"1":{"loc":{"start":{"line":22,"column":2},"end":{"line":22,"column":91}},"type":"if","locations":[{"start":{"line":22,"column":2},"end":{"line":22,"column":91}},{"start":{},"end":{}}]},"2":{"loc":{"start":{"line":26,"column":15},"end":{"line":28,"column":10}},"type":"cond-expr","locations":[{"start":{"line":27,"column":6},"end":{"line":27,"column":131}},{"start":{"line":28,"column":6},"end":{"line":28,"column":10}}]},"3":{"loc":{"start":{"line":39,"column":2},"end":{"line":42,"column":3}},"type":"if","locations":[{"start":{"line":39,"column":2},"end":{"line":42,"column":3}},{"start":{},"end":{}}]},"4":{"loc":{"start":{"line":41,"column":14},"end":{"line":41,"column":41}},"type":"cond-expr","locations":[{"start":{"line":41,"column":22},"end":{"line":41,"column":29}},{"start":{"line":41,"column":32},"end":{"line":41,"column":41}}]},"5":{"loc":{"start":{"line":43,"column":2},"end":{"line":46,"column":3}},"type":"if","locations":[{"start":{"line":43,"column":2},"end":{"line":46,"column":3}},{"start":{},"end":{}}]},"6":{"loc":{"start":{"line":45,"column":14},"end":{"line":45,"column":41}},"type":"cond-expr","locations":[{"start":{"line":45,"column":22},"end":{"line":45,"column":29}},{"start":{"line":45,"column":32},"end":{"line":45,"column":41}}]},"7":{"loc":{"start":{"line":80,"column":2},"end":{"line":80,"column":72}},"type":"if","locations":[{"start":{"line":80,"column":2},"end":{"line":80,"column":72}},{"start":{},"end":{}}]},"8":{"loc":{"start":{"line":82,"column":2},"end":{"line":84,"column":3}},"type":"if","locations":[{"start":{"line":82,"column":2},"end":{"line":84,"column":3}},{"start":{},"end":{}}]},"9":{"loc":{"start":{"line":82,"column":6},"end":{"line":82,"column":26}},"type":"binary-expr","locations":[{"start":{"line":82,"column":6},"end":{"line":82,"column":13}},{"start":{"line":82,"column":17},"end":{"line":82,"column":26}}]},"10":{"loc":{"start":{"line":88,"column":4},"end":{"line":94,"column":5}},"type":"if","locations":[{"start":{"line":88,"column":4},"end":{"line":94,"column":5}},{"start":{"line":91,"column":11},"end":{"line":94,"column":5}}]},"11":{"loc":{"start":{"line":90,"column":16},"end":{"line":90,"column":33}},"type":"binary-expr","locations":[{"start":{"line":90,"column":16},"end":{"line":90,"column":25}},{"start":{"line":90,"column":29},"end":{"line":90,"column":33}}]},"12":{"loc":{"start":{"line":91,"column":11},"end":{"line":94,"column":5}},"type":"if","locations":[{"start":{"line":91,"column":11},"end":{"line":94,"column":5}},{"start":{},"end":{}}]},"13":{"loc":{"start":{"line":93,"column":16},"end":{"line":93,"column":33}},"type":"binary-expr","locations":[{"start":{"line":93,"column":16},"end":{"line":93,"column":25}},{"start":{"line":93,"column":29},"end":{"line":93,"column":33}}]},"14":{"loc":{"start":{"line":95,"column":4},"end":{"line":95,"column":77}},"type":"if","locations":[{"start":{"line":95,"column":4},"end":{"line":95,"column":77}},{"start":{},"end":{}}]},"15":{"loc":{"start":{"line":113,"column":2},"end":{"line":113,"column":87}},"type":"if","locations":[{"start":{"line":113,"column":2},"end":{"line":113,"column":87}},{"start":{},"end":{}}]},"16":{"loc":{"start":{"line":128,"column":4},"end":{"line":128,"column":74}},"type":"if","locations":[{"start":{"line":128,"column":4},"end":{"line":128,"column":74}},{"start":{},"end":{}}]},"17":{"loc":{"start":{"line":129,"column":4},"end":{"line":129,"column":113}},"type":"if","locations":[{"start":{"line":129,"column":4},"end":{"line":129,"column":113}},{"start":{},"end":{}}]},"18":{"loc":{"start":{"line":130,"column":4},"end":{"line":130,"column":95}},"type":"if","locations":[{"start":{"line":130,"column":4},"end":{"line":130,"column":95}},{"start":{},"end":{}}]},"19":{"loc":{"start":{"line":136,"column":4},"end":{"line":146,"column":5}},"type":"if","locations":[{"start":{"line":136,"column":4},"end":{"line":146,"column":5}},{"start":{"line":143,"column":11},"end":{"line":146,"column":5}}]},"20":{"loc":{"start":{"line":138,"column":6},"end":{"line":140,"column":7}},"type":"if","locations":[{"start":{"line":138,"column":6},"end":{"line":140,"column":7}},{"start":{},"end":{}}]},"21":{"loc":{"start":{"line":158,"column":2},"end":{"line":158,"column":87}},"type":"if","locations":[{"start":{"line":158,"column":2},"end":{"line":158,"column":87}},{"start":{},"end":{}}]},"22":{"loc":{"start":{"line":168,"column":4},"end":{"line":168,"column":74}},"type":"if","locations":[{"start":{"line":168,"column":4},"end":{"line":168,"column":74}},{"start":{},"end":{}}]},"23":{"loc":{"start":{"line":169,"column":4},"end":{"line":169,"column":115}},"type":"if","locations":[{"start":{"line":169,"column":4},"end":{"line":169,"column":115}},{"start":{},"end":{}}]},"24":{"loc":{"start":{"line":221,"column":2},"end":{"line":221,"column":72}},"type":"if","locations":[{"start":{"line":221,"column":2},"end":{"line":221,"column":72}},{"start":{},"end":{}}]}},"s":{"0":0,"1":0,"2":0,"3":0,"4":0,"5":0,"6":0,"7":0,"8":0,"9":0,"10":0,"11":0,"12":0,"13":0,"14":0,"15":0,"16":0,"17":0,"18":0,"19":0,"20":0,"21":0,"22":0,"23":0,"24":0,"25":0,"26":0,"27":0,"28":0,"29":0,"30":0,"31":0,"32":0,"33":0,"34":0,"35":0,"36":0,"37":0,"38":0,"39":0,"40":0,"41":0,"42":0,"43":0,"44":0,"45":0,"46":0,"47":0,"48":0,"49":0,"50":0,"51":0,"52":0,"53":0,"54":0,"55":0,"56":0,"57":0,"58":0,"59":0,"60":0,"61":0,"62":0,"63":0,"64":0,"65":0,"66":0,"67":0,"68":0,"69":0,"70":0,"71":0,"72":0,"73":0,"74":0,"75":0,"76":0,"77":0,"78":0,"79":0,"80":0,"81":0,"82":0,"83":0,"84":0,"85":0,"86":0,"87":0,"88":0,"89":0,"90":0,"91":0,"92":0,"93":0,"94":0,"95":0,"96":0,"97":0,"98":0,"99":0,"100":0,"101":0,"102":0,"103":0,"104":0,"105":0,"106":0,"107":0,"108":0,"109":0,"110":0},"f":{"0":0,"1":0,"2":0,"3":0,"4":0,"5":0,"6":0},"b":{"0":[0,0],"1":[0,0],"2":[0,0],"3":[0,0],"4":[0,0],"5":[0,0],"6":[0,0],"7":[0,0],"8":[0,0],"9":[0,0],"10":[0,0],"11":[0,0],"12":[0,0],"13":[0,0],"14":[0,0],"15":[0,0],"16":[0,0],"17":[0,0],"18":[0,0],"19":[0,0],"20":[0,0],"21":[0,0],"22":[0,0],"23":[0,0],"24":[0,0]}}
,"D:\\FERI MAG\\RIRS\\WiiFit-fitnesapp\\backend\\src\\routes\\public.ts": {"path":"D:\\FERI MAG\\RIRS\\WiiFit-fitnesapp\\backend\\src\\routes\\public.ts","statementMap":{"0":{"start":{"line":1,"column":0},"end":{"line":1,"column":33}},"1":{"start":{"line":2,"column":0},"end":{"line":2,"column":30}},"2":{"start":{"line":4,"column":21},"end":{"line":4,"column":29}},"3":{"start":{"line":25,"column":0},"end":{"line":35,"column":3}},"4":{"start":{"line":26,"column":2},"end":{"line":34,"column":3}},"5":{"start":{"line":27,"column":19},"end":{"line":28,"column":null}},"6":{"start":{"line":30,"column":4},"end":{"line":30,"column":37}},"7":{"start":{"line":32,"column":4},"end":{"line":32,"column":47}},"8":{"start":{"line":33,"column":4},"end":{"line":33,"column":62}},"9":{"start":{"line":38,"column":0},"end":{"line":48,"column":3}},"10":{"start":{"line":39,"column":2},"end":{"line":47,"column":3}},"11":{"start":{"line":40,"column":19},"end":{"line":41,"column":null}},"12":{"start":{"line":43,"column":4},"end":{"line":43,"column":39}},"13":{"start":{"line":45,"column":4},"end":{"line":45,"column":49}},"14":{"start":{"line":46,"column":4},"end":{"line":46,"column":64}},"15":{"start":{"line":50,"column":0},"end":{"line":50,"column":28}}},"fnMap":{"0":{"name":"(anonymous_0)","decl":{"start":{"line":25,"column":27},"end":{"line":25,"column":32}},"loc":{"start":{"line":25,"column":47},"end":{"line":35,"column":1}}},"1":{"name":"(anonymous_1)","decl":{"start":{"line":38,"column":29},"end":{"line":38,"column":34}},"loc":{"start":{"line":38,"column":49},"end":{"line":48,"column":1}}}},"branchMap":{},"s":{"0":0,"1":0,"2":0,"3":0,"4":0,"5":0,"6":0,"7":0,"8":0,"9":0,"10":0,"11":0,"12":0,"13":0,"14":0,"15":0},"f":{"0":0,"1":0},"b":{}}
,"D:\\FERI MAG\\RIRS\\WiiFit-fitnesapp\\backend\\src\\routes\\trainers.ts": {"path":"D:\\FERI MAG\\RIRS\\WiiFit-fitnesapp\\backend\\src\\routes\\trainers.ts","statementMap":{"0":{"start":{"line":1,"column":0},"end":{"line":1,"column":52}},"1":{"start":{"line":2,"column":0},"end":{"line":2,"column":30}},"2":{"start":{"line":3,"column":0},"end":{"line":3,"column":49}},"3":{"start":{"line":5,"column":23},"end":{"line":5,"column":31}},"4":{"start":{"line":8,"column":0},"end":{"line":16,"column":3}},"5":{"start":{"line":9,"column":2},"end":{"line":15,"column":3}},"6":{"start":{"line":10,"column":14},"end":{"line":10,"column":119}},"7":{"start":{"line":11,"column":4},"end":{"line":11,"column":35}},"8":{"start":{"line":13,"column":4},"end":{"line":13,"column":50}},"9":{"start":{"line":14,"column":4},"end":{"line":14,"column":65}},"10":{"start":{"line":19,"column":0},"end":{"line":59,"column":3}},"11":{"start":{"line":20,"column":17},"end":{"line":20,"column":44}},"12":{"start":{"line":21,"column":23},"end":{"line":21,"column":66}},"13":{"start":{"line":22,"column":14},"end":{"line":22,"column":16}},"14":{"start":{"line":23,"column":24},"end":{"line":23,"column":26}},"15":{"start":{"line":24,"column":2},"end":{"line":27,"column":3}},"16":{"start":{"line":25,"column":4},"end":{"line":25,"column":46}},"17":{"start":{"line":26,"column":4},"end":{"line":26,"column":81}},"18":{"start":{"line":28,"column":2},"end":{"line":31,"column":3}},"19":{"start":{"line":29,"column":4},"end":{"line":29,"column":44}},"20":{"start":{"line":30,"column":4},"end":{"line":30,"column":81}},"21":{"start":{"line":32,"column":2},"end":{"line":58,"column":3}},"22":{"start":{"line":33,"column":16},"end":{"line":52,"column":31}},"23":{"start":{"line":53,"column":14},"end":{"line":53,"column":51}},"24":{"start":{"line":54,"column":4},"end":{"line":54,"column":39}},"25":{"start":{"line":56,"column":4},"end":{"line":56,"column":56}},"26":{"start":{"line":57,"column":4},"end":{"line":57,"column":69}},"27":{"start":{"line":62,"column":0},"end":{"line":98,"column":3}},"28":{"start":{"line":63,"column":17},"end":{"line":63,"column":44}},"29":{"start":{"line":64,"column":18},"end":{"line":64,"column":39}},"30":{"start":{"line":65,"column":2},"end":{"line":65,"column":90}},"31":{"start":{"line":65,"column":22},"end":{"line":65,"column":90}},"32":{"start":{"line":66,"column":2},"end":{"line":97,"column":3}},"33":{"start":{"line":67,"column":14},"end":{"line":71,"column":null}},"34":{"start":{"line":73,"column":14},"end":{"line":73,"column":23}},"35":{"start":{"line":74,"column":4},"end":{"line":74,"column":71}},"36":{"start":{"line":74,"column":12},"end":{"line":74,"column":71}},"37":{"start":{"line":75,"column":4},"end":{"line":75,"column":110}},"38":{"start":{"line":75,"column":44},"end":{"line":75,"column":110}},"39":{"start":{"line":76,"column":4},"end":{"line":76,"column":92}},"40":{"start":{"line":76,"column":38},"end":{"line":76,"column":92}},"41":{"start":{"line":78,"column":28},"end":{"line":80,"column":null}},"42":{"start":{"line":82,"column":4},"end":{"line":92,"column":5}},"43":{"start":{"line":83,"column":22},"end":{"line":83,"column":79}},"44":{"start":{"line":84,"column":6},"end":{"line":86,"column":7}},"45":{"start":{"line":85,"column":8},"end":{"line":85,"column":67}},"46":{"start":{"line":88,"column":6},"end":{"line":88,"column":95}},"47":{"start":{"line":91,"column":6},"end":{"line":91,"column":134}},"48":{"start":{"line":93,"column":4},"end":{"line":93,"column":49}},"49":{"start":{"line":95,"column":4},"end":{"line":95,"column":56}},"50":{"start":{"line":96,"column":4},"end":{"line":96,"column":69}},"51":{"start":{"line":101,"column":0},"end":{"line":116,"column":3}},"52":{"start":{"line":102,"column":17},"end":{"line":102,"column":44}},"53":{"start":{"line":103,"column":18},"end":{"line":103,"column":39}},"54":{"start":{"line":104,"column":2},"end":{"line":104,"column":90}},"55":{"start":{"line":104,"column":22},"end":{"line":104,"column":90}},"56":{"start":{"line":105,"column":2},"end":{"line":115,"column":3}},"57":{"start":{"line":106,"column":14},"end":{"line":106,"column":101}},"58":{"start":{"line":107,"column":14},"end":{"line":107,"column":23}},"59":{"start":{"line":108,"column":4},"end":{"line":108,"column":71}},"60":{"start":{"line":108,"column":12},"end":{"line":108,"column":71}},"61":{"start":{"line":109,"column":4},"end":{"line":109,"column":112}},"62":{"start":{"line":109,"column":44},"end":{"line":109,"column":112}},"63":{"start":{"line":110,"column":4},"end":{"line":110,"column":148}},"64":{"start":{"line":111,"column":4},"end":{"line":111,"column":51}},"65":{"start":{"line":113,"column":4},"end":{"line":113,"column":58}},"66":{"start":{"line":114,"column":4},"end":{"line":114,"column":71}},"67":{"start":{"line":118,"column":0},"end":{"line":118,"column":30}}},"fnMap":{"0":{"name":"(anonymous_0)","decl":{"start":{"line":8,"column":30},"end":{"line":8,"column":35}},"loc":{"start":{"line":8,"column":69},"end":{"line":16,"column":1}}},"1":{"name":"(anonymous_1)","decl":{"start":{"line":19,"column":49},"end":{"line":19,"column":54}},"loc":{"start":{"line":19,"column":87},"end":{"line":59,"column":1}}},"2":{"name":"(anonymous_2)","decl":{"start":{"line":62,"column":59},"end":{"line":62,"column":64}},"loc":{"start":{"line":62,"column":97},"end":{"line":98,"column":1}}},"3":{"name":"(anonymous_3)","decl":{"start":{"line":101,"column":61},"end":{"line":101,"column":66}},"loc":{"start":{"line":101,"column":99},"end":{"line":116,"column":1}}}},"branchMap":{"0":{"loc":{"start":{"line":24,"column":2},"end":{"line":27,"column":3}},"type":"if","locations":[{"start":{"line":24,"column":2},"end":{"line":27,"column":3}},{"start":{},"end":{}}]},"1":{"loc":{"start":{"line":26,"column":14},"end":{"line":26,"column":41}},"type":"cond-expr","locations":[{"start":{"line":26,"column":22},"end":{"line":26,"column":29}},{"start":{"line":26,"column":32},"end":{"line":26,"column":41}}]},"2":{"loc":{"start":{"line":28,"column":2},"end":{"line":31,"column":3}},"type":"if","locations":[{"start":{"line":28,"column":2},"end":{"line":31,"column":3}},{"start":{},"end":{}}]},"3":{"loc":{"start":{"line":30,"column":14},"end":{"line":30,"column":41}},"type":"cond-expr","locations":[{"start":{"line":30,"column":22},"end":{"line":30,"column":29}},{"start":{"line":30,"column":32},"end":{"line":30,"column":41}}]},"4":{"loc":{"start":{"line":65,"column":2},"end":{"line":65,"column":90}},"type":"if","locations":[{"start":{"line":65,"column":2},"end":{"line":65,"column":90}},{"start":{},"end":{}}]},"5":{"loc":{"start":{"line":74,"column":4},"end":{"line":74,"column":71}},"type":"if","locations":[{"start":{"line":74,"column":4},"end":{"line":74,"column":71}},{"start":{},"end":{}}]},"6":{"loc":{"start":{"line":75,"column":4},"end":{"line":75,"column":110}},"type":"if","locations":[{"start":{"line":75,"column":4},"end":{"line":75,"column":110}},{"start":{},"end":{}}]},"7":{"loc":{"start":{"line":76,"column":4},"end":{"line":76,"column":92}},"type":"if","locations":[{"start":{"line":76,"column":4},"end":{"line":76,"column":92}},{"start":{},"end":{}}]},"8":{"loc":{"start":{"line":82,"column":4},"end":{"line":92,"column":5}},"type":"if","locations":[{"start":{"line":82,"column":4},"end":{"line":92,"column":5}},{"start":{"line":89,"column":11},"end":{"line":92,"column":5}}]},"9":{"loc":{"start":{"line":84,"column":6},"end":{"line":86,"column":7}},"type":"if","locations":[{"start":{"line":84,"column":6},"end":{"line":86,"column":7}},{"start":{},"end":{}}]},"10":{"loc":{"start":{"line":104,"column":2},"end":{"line":104,"column":90}},"type":"if","locations":[{"start":{"line":104,"column":2},"end":{"line":104,"column":90}},{"start":{},"end":{}}]},"11":{"loc":{"start":{"line":108,"column":4},"end":{"line":108,"column":71}},"type":"if","locations":[{"start":{"line":108,"column":4},"end":{"line":108,"column":71}},{"start":{},"end":{}}]},"12":{"loc":{"start":{"line":109,"column":4},"end":{"line":109,"column":112}},"type":"if","locations":[{"start":{"line":109,"column":4},"end":{"line":109,"column":112}},{"start":{},"end":{}}]}},"s":{"0":0,"1":0,"2":0,"3":0,"4":0,"5":0,"6":0,"7":0,"8":0,"9":0,"10":0,"11":0,"12":0,"13":0,"14":0,"15":0,"16":0,"17":0,"18":0,"19":0,"20":0,"21":0,"22":0,"23":0,"24":0,"25":0,"26":0,"27":0,"28":0,"29":0,"30":0,"31":0,"32":0,"33":0,"34":0,"35":0,"36":0,"37":0,"38":0,"39":0,"40":0,"41":0,"42":0,"43":0,"44":0,"45":0,"46":0,"47":0,"48":0,"49":0,"50":0,"51":0,"52":0,"53":0,"54":0,"55":0,"56":0,"57":0,"58":0,"59":0,"60":0,"61":0,"62":0,"63":0,"64":0,"65":0,"66":0,"67":0},"f":{"0":0,"1":0,"2":0,"3":0},"b":{"0":[0,0],"1":[0,0],"2":[0,0],"3":[0,0],"4":[0,0],"5":[0,0],"6":[0,0],"7":[0,0],"8":[0,0],"9":[0,0],"10":[0,0],"11":[0,0],"12":[0,0]}}
,"D:\\FERI MAG\\RIRS\\WiiFit-fitnesapp\\backend\\src\\utils\\migrate.ts": {"path":"D:\\FERI MAG\\RIRS\\WiiFit-fitnesapp\\backend\\src\\utils\\migrate.ts","statementMap":{"0":{"start":{"line":5,"column":0},"end":{"line":5,"column":7}},"1":{"start":{"line":1,"column":0},"end":{"line":1,"column":39}},"2":{"start":{"line":2,"column":0},"end":{"line":2,"column":24}},"3":{"start":{"line":3,"column":0},"end":{"line":3,"column":30}},"4":{"start":{"line":6,"column":21},"end":{"line":6,"column":77}},"5":{"start":{"line":7,"column":14},"end":{"line":7,"column":48}},"6":{"start":{"line":8,"column":2},"end":{"line":8,"column":19}},"7":{"start":{"line":9,"column":2},"end":{"line":9,"column":46}},"8":{"start":{"line":12,"column":0},"end":{"line":12,"column":29}}},"fnMap":{"0":{"name":"runMigrations","decl":{"start":{"line":5,"column":22},"end":{"line":5,"column":35}},"loc":{"start":{"line":5,"column":35},"end":{"line":10,"column":1}}}},"branchMap":{},"s":{"0":0,"1":0,"2":0,"3":0,"4":0,"5":0,"6":0,"7":0,"8":0},"f":{"0":0},"b":{}}
,"D:\\FERI MAG\\RIRS\\WiiFit-fitnesapp\\backend\\src\\utils\\validation.ts": {"path":"D:\\FERI MAG\\RIRS\\WiiFit-fitnesapp\\backend\\src\\utils\\validation.ts","statementMap":{"0":{"start":{"line":5,"column":0},"end":{"line":5,"column":16}},"1":{"start":{"line":11,"column":0},"end":{"line":11,"column":16}},"2":{"start":{"line":3,"column":13},"end":{"line":3,"column":37}},"3":{"start":{"line":7,"column":13},"end":{"line":7,"column":45}},"4":{"start":{"line":8,"column":2},"end":{"line":8,"column":24}},"5":{"start":{"line":12,"column":27},"end":{"line":12,"column":29}},"6":{"start":{"line":13,"column":2},"end":{"line":15,"column":3}},"7":{"start":{"line":14,"column":4},"end":{"line":14,"column":62}},"8":{"start":{"line":16,"column":2},"end":{"line":18,"column":3}},"9":{"start":{"line":17,"column":4},"end":{"line":17,"column":84}},"10":{"start":{"line":19,"column":2},"end":{"line":21,"column":3}},"11":{"start":{"line":20,"column":4},"end":{"line":20,"column":60}},"12":{"start":{"line":22,"column":2},"end":{"line":24,"column":3}},"13":{"start":{"line":23,"column":4},"end":{"line":23,"column":61}},"14":{"start":{"line":25,"column":2},"end":{"line":27,"column":3}},"15":{"start":{"line":26,"column":4},"end":{"line":26,"column":50}},"16":{"start":{"line":28,"column":2},"end":{"line":30,"column":3}},"17":{"start":{"line":29,"column":4},"end":{"line":29,"column":61}},"18":{"start":{"line":31,"column":2},"end":{"line":31,"column":48}}},"fnMap":{"0":{"name":"isValidEmail","decl":{"start":{"line":5,"column":16},"end":{"line":5,"column":28}},"loc":{"start":{"line":5,"column":42},"end":{"line":9,"column":1}}},"1":{"name":"validatePassword","decl":{"start":{"line":11,"column":16},"end":{"line":11,"column":32}},"loc":{"start":{"line":11,"column":49},"end":{"line":32,"column":1}}}},"branchMap":{"0":{"loc":{"start":{"line":13,"column":2},"end":{"line":15,"column":3}},"type":"if","locations":[{"start":{"line":13,"column":2},"end":{"line":15,"column":3}},{"start":{},"end":{}}]},"1":{"loc":{"start":{"line":16,"column":2},"end":{"line":18,"column":3}},"type":"if","locations":[{"start":{"line":16,"column":2},"end":{"line":18,"column":3}},{"start":{},"end":{}}]},"2":{"loc":{"start":{"line":19,"column":2},"end":{"line":21,"column":3}},"type":"if","locations":[{"start":{"line":19,"column":2},"end":{"line":21,"column":3}},{"start":{},"end":{}}]},"3":{"loc":{"start":{"line":22,"column":2},"end":{"line":24,"column":3}},"type":"if","locations":[{"start":{"line":22,"column":2},"end":{"line":24,"column":3}},{"start":{},"end":{}}]},"4":{"loc":{"start":{"line":25,"column":2},"end":{"line":27,"column":3}},"type":"if","locations":[{"start":{"line":25,"column":2},"end":{"line":27,"column":3}},{"start":{},"end":{}}]},"5":{"loc":{"start":{"line":28,"column":2},"end":{"line":30,"column":3}},"type":"if","locations":[{"start":{"line":28,"column":2},"end":{"line":30,"column":3}},{"start":{},"end":{}}]}},"s":{"0":1,"1":1,"2":1,"3":2,"4":2,"5":3,"6":3,"7":0,"8":3,"9":1,"10":3,"11":0,"12":3,"13":1,"14":3,"15":0,"16":3,"17":0,"18":3},"f":{"0":2,"1":3},"b":{"0":[0,3],"1":[1,2],"2":[0,3],"3":[1,2],"4":[0,3],"5":[0,3]}}
}
