TN:
SF:src\app.ts
FN:21,(anonymous_1)
FN:29,(anonymous_2)
FN:35,(anonymous_3)
FNF:3
FNH:0
FNDA:0,(anonymous_1)
FNDA:0,(anonymous_2)
FNDA:0,(anonymous_3)
DA:1,0
DA:2,0
DA:3,0
DA:4,0
DA:6,0
DA:7,0
DA:9,0
DA:12,0
DA:15,0
DA:16,0
DA:17,0
DA:18,0
DA:21,0
DA:22,0
DA:26,0
DA:29,0
DA:30,0
DA:35,0
DA:36,0
DA:37,0
DA:38,0
DA:39,0
DA:42,0
LF:23
LH:0
BRDA:37,0,0,0
BRDA:37,0,1,0
BRDA:38,1,0,0
BRDA:38,1,1,0
BRF:4
BRH:0
end_of_record
TN:
SF:src\db.ts
FN:3,buildConnectionString
FN:34,query
FNF:2
FNH:0
FNDA:0,buildConnectionString
FNDA:0,query
DA:1,0
DA:4,0
DA:5,0
DA:7,0
DA:8,0
DA:9,0
DA:10,0
DA:11,0
DA:13,0
DA:14,0
DA:15,0
DA:16,0
DA:18,0
DA:21,0
DA:23,0
DA:25,0
DA:28,0
DA:34,0
DA:38,0
DA:39,0
DA:42,0
LF:21
LH:0
BRDA:5,0,0,0
BRDA:5,0,1,0
BRDA:5,1,0,0
BRDA:5,1,1,0
BRDA:10,2,0,0
BRDA:10,2,1,0
BRDA:11,3,0,0
BRDA:11,3,1,0
BRDA:13,4,0,0
BRDA:13,4,1,0
BRDA:13,5,0,0
BRDA:13,5,1,0
BRDA:13,5,2,0
BRDA:15,6,0,0
BRDA:15,6,1,0
BRDA:23,7,0,0
BRDA:23,7,1,0
BRDA:31,8,0,0
BRDA:31,8,1,0
BRF:19
BRH:0
end_of_record
TN:
SF:src\controllers\authController.ts
FN:9,signToken
FN:17,register
FN:64,login
FN:90,logout
FNF:4
FNH:0
FNDA:0,signToken
FNDA:0,register
FNDA:0,login
FNDA:0,logout
DA:2,0
DA:3,0
DA:4,0
DA:5,0
DA:6,0
DA:10,0
DA:11,0
DA:12,0
DA:14,0
DA:17,0
DA:18,0
DA:19,0
DA:20,0
DA:24,0
DA:25,0
DA:27,0
DA:28,0
DA:29,0
DA:32,0
DA:36,0
DA:37,0
DA:40,0
DA:41,0
DA:57,0
DA:59,0
DA:60,0
DA:61,0
DA:64,0
DA:65,0
DA:66,0
DA:67,0
DA:70,0
DA:74,0
DA:75,0
DA:78,0
DA:79,0
DA:80,0
DA:81,0
DA:84,0
DA:85,0
DA:86,0
DA:87,0
DA:90,0
DA:91,0
DA:92,0
DA:93,0
DA:94,0
DA:96,0
DA:97,0
DA:98,0
DA:99,0
DA:100,0
DA:101,0
DA:102,0
DA:103,0
DA:105,0
DA:109,0
DA:111,0
LF:58
LH:0
BRDA:11,0,0,0
BRDA:11,0,1,0
BRDA:19,1,0,0
BRDA:19,1,1,0
BRDA:19,2,0,0
BRDA:19,2,1,0
BRDA:24,3,0,0
BRDA:24,3,1,0
BRDA:28,4,0,0
BRDA:28,4,1,0
BRDA:36,5,0,0
BRDA:36,5,1,0
BRDA:49,6,0,0
BRDA:49,6,1,0
BRDA:50,7,0,0
BRDA:50,7,1,0
BRDA:51,8,0,0
BRDA:51,8,1,0
BRDA:52,9,0,0
BRDA:52,9,1,0
BRDA:53,10,0,0
BRDA:53,10,1,0
BRDA:54,11,0,0
BRDA:54,11,1,0
BRDA:66,12,0,0
BRDA:66,12,1,0
BRDA:66,13,0,0
BRDA:66,13,1,0
BRDA:74,14,0,0
BRDA:74,14,1,0
BRDA:80,15,0,0
BRDA:80,15,1,0
BRDA:91,16,0,0
BRDA:91,16,1,0
BRDA:93,17,0,0
BRDA:93,17,1,0
BRDA:93,18,0,0
BRDA:93,18,1,0
BRDA:98,19,0,0
BRDA:98,19,1,0
BRDA:102,20,0,0
BRDA:102,20,1,0
BRDA:102,21,0,0
BRDA:102,21,1,0
BRF:44
BRH:0
end_of_record
TN:
SF:src\middleware\admin.ts
FN:4,requireAdmin
FNF:1
FNH:0
FNDA:0,requireAdmin
DA:2,0
DA:4,0
DA:5,0
DA:6,0
DA:7,0
DA:10,0
DA:11,0
DA:12,0
DA:13,0
DA:15,0
DA:17,0
DA:18,0
LF:12
LH:0
BRDA:6,0,0,0
BRDA:6,0,1,0
BRDA:12,1,0,0
BRDA:12,1,1,0
BRDA:12,2,0,0
BRDA:12,2,1,0
BRF:6
BRH:0
end_of_record
TN:
SF:src\middleware\auth.ts
FN:5,requireAuth
FNF:1
FNH:0
FNDA:0,requireAuth
DA:2,0
DA:3,0
DA:5,0
DA:6,0
DA:7,0
DA:8,0
DA:9,0
DA:12,0
DA:13,0
DA:14,0
DA:16,0
DA:19,0
DA:20,0
DA:24,0
DA:25,0
DA:30,0
DA:31,0
DA:32,0
DA:33,0
DA:35,0
LF:20
LH:0
BRDA:6,0,0,0
BRDA:6,0,1,0
BRDA:8,1,0,0
BRDA:8,1,1,0
BRDA:8,2,0,0
BRDA:8,2,1,0
BRDA:14,3,0,0
BRDA:14,3,1,0
BRDA:19,4,0,0
BRDA:19,4,1,0
BRDA:24,5,0,0
BRDA:24,5,1,0
BRDA:30,6,0,0
BRDA:30,6,1,0
BRDA:31,7,0,0
BRDA:31,7,1,0
BRF:16
BRH:0
end_of_record
TN:
SF:src\routes\admin.ts
FN:9,(anonymous_0)
FN:24,(anonymous_1)
FN:46,(anonymous_2)
FN:79,(anonymous_3)
FNF:4
FNH:0
FNDA:0,(anonymous_0)
FNDA:0,(anonymous_1)
FNDA:0,(anonymous_2)
FNDA:0,(anonymous_3)
DA:1,0
DA:2,0
DA:3,0
DA:4,0
DA:6,0
DA:9,0
DA:10,0
DA:11,0
DA:16,0
DA:18,0
DA:19,0
DA:24,0
DA:25,0
DA:27,0
DA:28,0
DA:31,0
DA:32,0
DA:38,0
DA:40,0
DA:41,0
DA:46,0
DA:47,0
DA:48,0
DA:49,0
DA:52,0
DA:54,0
DA:55,0
DA:58,0
DA:59,0
DA:67,0
DA:68,0
DA:71,0
DA:73,0
DA:74,0
DA:79,0
DA:80,0
DA:81,0
DA:82,0
DA:85,0
DA:87,0
DA:92,0
DA:93,0
DA:94,0
DA:99,0
DA:104,0
DA:105,0
DA:108,0
DA:110,0
DA:111,0
DA:115,0
LF:50
LH:0
BRDA:27,0,0,0
BRDA:27,0,1,0
BRDA:27,1,0,0
BRDA:27,1,1,0
BRDA:36,2,0,0
BRDA:36,2,1,0
BRDA:48,3,0,0
BRDA:48,3,1,0
BRDA:54,4,0,0
BRDA:54,4,1,0
BRDA:54,5,0,0
BRDA:54,5,1,0
BRDA:64,6,0,0
BRDA:64,6,1,0
BRDA:67,7,0,0
BRDA:67,7,1,0
BRDA:81,8,0,0
BRDA:81,8,1,0
BRDA:92,9,0,0
BRDA:92,9,1,0
BRDA:93,10,0,0
BRDA:93,10,1,0
BRDA:104,11,0,0
BRDA:104,11,1,0
BRF:24
BRH:0
end_of_record
TN:
SF:src\routes\auth.ts
FNF:0
FNH:0
DA:1,0
DA:2,0
DA:3,0
DA:5,0
DA:7,0
DA:8,0
DA:9,0
DA:11,0
LF:8
LH:0
BRF:0
BRH:0
end_of_record
TN:
SF:src\routes\billing.ts
FN:15,(anonymous_1)
FN:70,stripeWebhookHandler
FN:208,(anonymous_3)
FNF:3
FNH:0
FNDA:0,(anonymous_1)
FNDA:0,stripeWebhookHandler
FNDA:0,(anonymous_3)
DA:1,0
DA:2,0
DA:3,0
DA:4,0
DA:6,0
DA:7,0
DA:8,0
DA:10,0
DA:12,0
DA:15,0
DA:16,0
DA:17,0
DA:18,0
DA:19,0
DA:20,0
DA:23,0
DA:26,0
DA:27,0
DA:28,0
DA:31,0
DA:32,0
DA:33,0
DA:35,0
DA:36,0
DA:37,0
DA:42,0
DA:43,0
DA:46,0
DA:47,0
DA:60,0
DA:62,0
DA:63,0
DA:67,0
DA:70,0
DA:71,0
DA:72,0
DA:73,0
DA:74,0
DA:75,0
DA:77,0
DA:78,0
DA:80,0
DA:81,0
DA:84,0
DA:86,0
DA:87,0
DA:88,0
DA:89,0
DA:90,0
DA:91,0
DA:92,0
DA:100,0
DA:110,0
DA:114,0
DA:115,0
DA:116,0
DA:117,0
DA:118,0
DA:123,0
DA:124,0
DA:125,0
DA:126,0
DA:134,0
DA:137,0
DA:138,0
DA:139,0
DA:143,0
DA:144,0
DA:145,0
DA:146,0
DA:154,0
DA:157,0
DA:158,0
DA:159,0
DA:163,0
DA:164,0
DA:165,0
DA:166,0
DA:176,0
DA:179,0
DA:180,0
DA:181,0
DA:182,0
DA:183,0
DA:184,0
DA:194,0
DA:198,0
DA:200,0
DA:202,0
DA:203,0
DA:208,0
DA:209,0
DA:210,0
DA:211,0
DA:212,0
DA:213,0
DA:214,0
DA:215,0
DA:217,0
DA:218,0
DA:220,0
DA:222,0
DA:224,0
DA:225,0
DA:226,0
DA:233,0
DA:235,0
DA:236,0
LF:108
LH:0
BRDA:7,0,0,0
BRDA:7,0,1,0
BRDA:10,1,0,0
BRDA:10,1,1,0
BRDA:17,2,0,0
BRDA:17,2,1,0
BRDA:20,3,0,0
BRDA:20,3,1,0
BRDA:20,4,0,0
BRDA:20,4,1,0
BRDA:23,5,0,0
BRDA:23,5,1,0
BRDA:27,6,0,0
BRDA:27,6,1,0
BRDA:28,7,0,0
BRDA:28,7,1,0
BRDA:33,8,0,0
BRDA:33,8,1,0
BRDA:36,9,0,0
BRDA:36,9,1,0
BRDA:39,10,0,0
BRDA:39,10,1,0
BRDA:46,11,0,0
BRDA:46,11,1,0
BRDA:74,12,0,0
BRDA:74,12,1,0
BRDA:74,13,0,0
BRDA:74,13,1,0
BRDA:74,13,2,0
BRDA:75,14,0,0
BRDA:75,14,1,0
BRDA:84,15,0,0
BRDA:84,15,1,0
BRDA:84,15,2,0
BRDA:84,15,3,0
BRDA:84,15,4,0
BRDA:84,15,5,0
BRDA:84,15,6,0
BRDA:89,16,0,0
BRDA:89,16,1,0
BRDA:90,17,0,0
BRDA:90,17,1,0
BRDA:91,18,0,0
BRDA:91,18,1,0
BRDA:91,19,0,0
BRDA:91,19,1,0
BRDA:95,20,0,0
BRDA:95,20,1,0
BRDA:104,21,0,0
BRDA:104,21,1,0
BRDA:105,22,0,0
BRDA:105,22,1,0
BRDA:106,23,0,0
BRDA:106,23,1,0
BRDA:106,24,0,0
BRDA:106,24,1,0
BRDA:115,25,0,0
BRDA:115,25,1,0
BRDA:117,26,0,0
BRDA:117,26,1,0
BRDA:117,27,0,0
BRDA:117,27,1,0
BRDA:117,28,0,0
BRDA:117,28,1,0
BRDA:117,29,0,0
BRDA:117,29,1,0
BRDA:125,30,0,0
BRDA:125,30,1,0
BRDA:138,31,0,0
BRDA:138,31,1,0
BRDA:145,32,0,0
BRDA:145,32,1,0
BRDA:158,33,0,0
BRDA:158,33,1,0
BRDA:165,34,0,0
BRDA:165,34,1,0
BRDA:171,35,0,0
BRDA:171,35,1,0
BRDA:172,36,0,0
BRDA:172,36,1,0
BRDA:172,37,0,0
BRDA:172,37,1,0
BRDA:180,38,0,0
BRDA:180,38,1,0
BRDA:183,39,0,0
BRDA:183,39,1,0
BRDA:189,40,0,0
BRDA:189,40,1,0
BRDA:190,41,0,0
BRDA:190,41,1,0
BRDA:190,42,0,0
BRDA:190,42,1,0
BRDA:210,43,0,0
BRDA:210,43,1,0
BRDA:212,44,0,0
BRDA:212,44,1,0
BRDA:215,45,0,0
BRDA:215,45,1,0
BRDA:215,46,0,0
BRDA:215,46,1,0
BRDA:217,47,0,0
BRDA:217,47,1,0
BRDA:222,48,0,0
BRDA:222,48,1,0
BRDA:222,49,0,0
BRDA:222,49,1,0
BRDA:222,50,0,0
BRDA:222,50,1,0
BRDA:222,51,0,0
BRDA:222,51,1,0
BRDA:224,52,0,0
BRDA:224,52,1,0
BRDA:228,53,0,0
BRDA:228,53,1,0
BRF:114
BRH:0
end_of_record
TN:
SF:src\routes\index.ts
FNF:0
FNH:0
DA:1,0
DA:2,0
DA:3,0
DA:4,0
DA:5,0
DA:6,0
DA:7,0
DA:9,0
DA:11,0
DA:12,0
DA:13,0
DA:14,0
DA:15,0
DA:16,0
DA:18,0
LF:15
LH:0
BRF:0
BRH:0
end_of_record
TN:
SF:src\routes\protected.ts
FN:8,(anonymous_0)
FN:34,(anonymous_1)
FN:78,(anonymous_2)
FN:110,(anonymous_3)
FN:155,(anonymous_4)
FN:179,(anonymous_5)
FN:219,(anonymous_6)
FNF:7
FNH:0
FNDA:0,(anonymous_0)
FNDA:0,(anonymous_1)
FNDA:0,(anonymous_2)
FNDA:0,(anonymous_3)
FNDA:0,(anonymous_4)
FNDA:0,(anonymous_5)
FNDA:0,(anonymous_6)
DA:1,0
DA:2,0
DA:3,0
DA:6,0
DA:8,0
DA:9,0
DA:10,0
DA:12,0
DA:22,0
DA:24,0
DA:25,0
DA:26,0
DA:29,0
DA:32,0
DA:34,0
DA:35,0
DA:36,0
DA:37,0
DA:38,0
DA:39,0
DA:40,0
DA:41,0
DA:43,0
DA:44,0
DA:45,0
DA:47,0
DA:48,0
DA:69,0
DA:70,0
DA:72,0
DA:73,0
DA:78,0
DA:79,0
DA:80,0
DA:81,0
DA:82,0
DA:83,0
DA:85,0
DA:87,0
DA:88,0
DA:89,0
DA:90,0
DA:91,0
DA:92,0
DA:93,0
DA:95,0
DA:97,0
DA:102,0
DA:104,0
DA:105,0
DA:110,0
DA:111,0
DA:112,0
DA:113,0
DA:114,0
DA:116,0
DA:127,0
DA:128,0
DA:129,0
DA:130,0
DA:132,0
DA:136,0
DA:137,0
DA:138,0
DA:139,0
DA:142,0
DA:145,0
DA:147,0
DA:149,0
DA:150,0
DA:155,0
DA:156,0
DA:157,0
DA:158,0
DA:159,0
DA:161,0
DA:167,0
DA:168,0
DA:169,0
DA:170,0
DA:171,0
DA:173,0
DA:174,0
DA:179,0
DA:180,0
DA:181,0
DA:182,0
DA:195,0
DA:208,0
DA:213,0
DA:214,0
DA:219,0
DA:220,0
DA:221,0
DA:222,0
DA:223,0
DA:231,0
DA:233,0
DA:234,0
LF:99
LH:0
BRDA:10,0,0,0
BRDA:10,0,1,0
BRDA:22,1,0,0
BRDA:22,1,1,0
BRDA:26,2,0,0
BRDA:26,2,1,0
BRDA:39,3,0,0
BRDA:39,3,1,0
BRDA:41,4,0,0
BRDA:41,4,1,0
BRDA:43,5,0,0
BRDA:43,5,1,0
BRDA:45,6,0,0
BRDA:45,6,1,0
BRDA:80,7,0,0
BRDA:80,7,1,0
BRDA:82,8,0,0
BRDA:82,8,1,0
BRDA:82,9,0,0
BRDA:82,9,1,0
BRDA:88,10,0,0
BRDA:88,10,1,0
BRDA:90,11,0,0
BRDA:90,11,1,0
BRDA:91,12,0,0
BRDA:91,12,1,0
BRDA:93,13,0,0
BRDA:93,13,1,0
BRDA:95,14,0,0
BRDA:95,14,1,0
BRDA:113,15,0,0
BRDA:113,15,1,0
BRDA:128,16,0,0
BRDA:128,16,1,0
BRDA:129,17,0,0
BRDA:129,17,1,0
BRDA:130,18,0,0
BRDA:130,18,1,0
BRDA:136,19,0,0
BRDA:136,19,1,0
BRDA:138,20,0,0
BRDA:138,20,1,0
BRDA:158,21,0,0
BRDA:158,21,1,0
BRDA:168,22,0,0
BRDA:168,22,1,0
BRDA:169,23,0,0
BRDA:169,23,1,0
BRDA:221,24,0,0
BRDA:221,24,1,0
BRF:50
BRH:0
end_of_record
TN:
SF:src\routes\public.ts
FN:25,(anonymous_0)
FN:38,(anonymous_1)
FNF:2
FNH:0
FNDA:0,(anonymous_0)
FNDA:0,(anonymous_1)
DA:1,0
DA:2,0
DA:4,0
DA:25,0
DA:26,0
DA:27,0
DA:30,0
DA:32,0
DA:33,0
DA:38,0
DA:39,0
DA:40,0
DA:43,0
DA:45,0
DA:46,0
DA:50,0
LF:16
LH:0
BRF:0
BRH:0
end_of_record
TN:
SF:src\routes\trainers.ts
FN:8,(anonymous_0)
FN:19,(anonymous_1)
FN:62,(anonymous_2)
FN:101,(anonymous_3)
FNF:4
FNH:0
FNDA:0,(anonymous_0)
FNDA:0,(anonymous_1)
FNDA:0,(anonymous_2)
FNDA:0,(anonymous_3)
DA:1,0
DA:2,0
DA:3,0
DA:5,0
DA:8,0
DA:9,0
DA:10,0
DA:11,0
DA:13,0
DA:14,0
DA:19,0
DA:20,0
DA:21,0
DA:22,0
DA:23,0
DA:24,0
DA:25,0
DA:26,0
DA:28,0
DA:29,0
DA:30,0
DA:32,0
DA:33,0
DA:53,0
DA:54,0
DA:56,0
DA:57,0
DA:62,0
DA:63,0
DA:64,0
DA:65,0
DA:66,0
DA:67,0
DA:73,0
DA:74,0
DA:75,0
DA:76,0
DA:78,0
DA:82,0
DA:83,0
DA:84,0
DA:85,0
DA:88,0
DA:91,0
DA:93,0
DA:95,0
DA:96,0
DA:101,0
DA:102,0
DA:103,0
DA:104,0
DA:105,0
DA:106,0
DA:107,0
DA:108,0
DA:109,0
DA:110,0
DA:111,0
DA:113,0
DA:114,0
DA:118,0
LF:61
LH:0
BRDA:24,0,0,0
BRDA:24,0,1,0
BRDA:26,1,0,0
BRDA:26,1,1,0
BRDA:28,2,0,0
BRDA:28,2,1,0
BRDA:30,3,0,0
BRDA:30,3,1,0
BRDA:65,4,0,0
BRDA:65,4,1,0
BRDA:74,5,0,0
BRDA:74,5,1,0
BRDA:75,6,0,0
BRDA:75,6,1,0
BRDA:76,7,0,0
BRDA:76,7,1,0
BRDA:82,8,0,0
BRDA:82,8,1,0
BRDA:84,9,0,0
BRDA:84,9,1,0
BRDA:104,10,0,0
BRDA:104,10,1,0
BRDA:108,11,0,0
BRDA:108,11,1,0
BRDA:109,12,0,0
BRDA:109,12,1,0
BRF:26
BRH:0
end_of_record
TN:
SF:src\utils\migrate.ts
FN:5,runMigrations
FNF:1
FNH:0
FNDA:0,runMigrations
DA:1,0
DA:2,0
DA:3,0
DA:5,0
DA:6,0
DA:7,0
DA:8,0
DA:9,0
DA:12,0
LF:9
LH:0
BRF:0
BRH:0
end_of_record
TN:
SF:src\utils\validation.ts
FN:5,isValidEmail
FN:11,validatePassword
FNF:2
FNH:2
FNDA:2,isValidEmail
FNDA:3,validatePassword
DA:3,1
DA:5,1
DA:7,2
DA:8,2
DA:11,1
DA:12,3
DA:13,3
DA:14,0
DA:16,3
DA:17,1
DA:19,3
DA:20,0
DA:22,3
DA:23,1
DA:25,3
DA:26,0
DA:28,3
DA:29,0
DA:31,3
LF:19
LH:15
BRDA:13,0,0,0
BRDA:13,0,1,3
BRDA:16,1,0,1
BRDA:16,1,1,2
BRDA:19,2,0,0
BRDA:19,2,1,3
BRDA:22,3,0,1
BRDA:22,3,1,2
BRDA:25,4,0,0
BRDA:25,4,1,3
BRDA:28,5,0,0
BRDA:28,5,1,3
BRF:12
BRH:8
end_of_record
